2024-05-04 21:06:39.096 info: Connected to database
2024-05-04 21:06:39.100 info: Server is running on port 8000
2024-05-06 12:26:09.185 info: Connected to database
2024-05-06 12:26:09.189 info: Server is running on port 8000
2024-05-06 12:33:43.903 info: Connected to database
2024-05-06 12:33:43.908 info: Server is running on port 8000
2024-05-06 12:34:48.859 info: Connected to database
2024-05-06 12:34:48.865 info: Server is running on port 8000
2024-05-06 12:42:44.917 info: Connected to database
2024-05-06 12:42:44.923 info: Server is running on port 8000
2024-05-06 12:44:48.372 info: Connected to database
2024-05-06 12:44:48.374 info: Server is running on port 8000
2024-05-06 12:49:37.201 info: Connected to database
2024-05-06 12:49:37.206 info: Server is running on port 8000
2024-05-06 12:51:14.938 info: Connected to database
2024-05-06 12:51:14.946 info: Server is running on port 8000
2024-05-06 12:54:46.510 info: Connected to database
2024-05-06 12:54:46.516 info: Server is running on port 8000
2024-05-06 12:55:44.502 info: Connected to database
2024-05-06 12:55:44.506 info: Server is running on port 8000
2024-05-06 12:56:19.535 info: Connected to database
2024-05-06 12:56:19.541 info: Server is running on port 8000
2024-05-06 12:57:34.905 info: Connected to database
2024-05-06 12:57:34.910 info: Server is running on port 8000
2024-05-06 12:59:12.293 info: Connected to database
2024-05-06 12:59:12.297 info: Server is running on port 8000
2024-05-06 13:01:23.234 info: Connected to database
2024-05-06 13:01:23.238 info: Server is running on port 8000
2024-05-06 13:07:20.488 info: Connected to database
2024-05-06 13:07:20.491 info: Server is running on port 8000
2024-05-06 13:07:30.508 error: Error generating model data: dataArray is not iterable
2024-05-06 13:07:40.434 error: Error generating model data: dataArray is not iterable
2024-05-06 13:11:27.332 info: Connected to database
2024-05-06 13:11:27.336 info: Server is running on port 8000
2024-05-06 13:12:29.155 info: Connected to database
2024-05-06 13:12:29.160 info: Server is running on port 8000
2024-05-06 13:13:24.216 info: Connected to database
2024-05-06 13:13:24.219 info: Server is running on port 8000
2024-05-06 13:14:21.965 info: Connected to database
2024-05-06 13:14:21.969 info: Server is running on port 8000
2024-05-06 13:19:17.696 info: Connected to database
2024-05-06 13:19:17.698 info: Server is running on port 8000
2024-05-06 13:20:19.188 info: Connected to database
2024-05-06 13:20:19.190 info: Server is running on port 8000
2024-05-06 13:24:24.558 info: Connected to database
2024-05-06 13:24:24.560 info: Server is running on port 8000
2024-05-06 13:24:34.549 error: Error generating model data: dataArray is not iterable
2024-05-06 13:26:19.099 info: Connected to database
2024-05-06 13:26:19.102 info: Server is running on port 8000
2024-05-06 13:26:29.135 info: Generated and added new data: 9
2024-05-06 13:26:29.137 info: Generated and added new data: 1
2024-05-06 13:26:29.138 info: Generated and added new data: 6
2024-05-06 13:26:29.139 info: Generated and added new data: 0
2024-05-06 13:26:29.140 info: Data already exists: 9
2024-05-06 13:26:29.142 info: Generated and added new data: 3
2024-05-06 13:26:29.143 info: Generated and added new data: 5
2024-05-06 13:26:29.143 info: Data already exists: 0
2024-05-06 13:26:29.144 info: Generated and added new data: 4
2024-05-06 13:26:29.145 info: Generated and added new data: 2
2024-05-06 13:26:29.146 info: Generated and added new data: 8
2024-05-06 13:26:29.147 info: Data already exists: 9
2024-05-06 13:26:29.147 info: Data already exists: 5
2024-05-06 13:26:29.147 info: Data already exists: 1
2024-05-06 13:26:29.147 info: Data already exists: 0
2024-05-06 13:26:29.147 info: Data already exists: 3
2024-05-06 13:26:29.148 info: Data already exists: 2
2024-05-06 13:26:29.148 info: Data already exists: 1
2024-05-06 13:26:29.148 info: Data already exists: 6
2024-05-06 13:26:29.148 info: Data already exists: 6
2024-05-06 13:26:29.149 info: Data already exists: 1
2024-05-06 13:26:29.149 info: Data already exists: 8
2024-05-06 13:26:29.149 info: Data already exists: 1
2024-05-06 13:26:29.151 info: Generated and added new data: 7
2024-05-06 13:26:29.152 info: Data already exists: 0
2024-05-06 13:26:29.152 info: Data already exists: 7
2024-05-06 13:26:29.152 info: Data already exists: 2
2024-05-06 13:26:29.152 info: Data already exists: 6
2024-05-06 13:26:29.152 info: Data already exists: 9
2024-05-06 13:26:29.153 info: Data already exists: 4
2024-05-06 13:26:29.153 info: Data already exists: 9
2024-05-06 13:26:29.153 info: Data already exists: 6
2024-05-06 13:26:29.153 info: Data already exists: 8
2024-05-06 13:26:29.154 info: Data already exists: 5
2024-05-06 13:26:29.154 info: Data already exists: 4
2024-05-06 13:26:29.154 info: Data already exists: 1
2024-05-06 13:26:39.055 info: Data already exists: 9
2024-05-06 13:26:39.055 info: Data already exists: 1
2024-05-06 13:26:39.056 info: Data already exists: 6
2024-05-06 13:26:39.056 info: Data already exists: 0
2024-05-06 13:26:39.057 info: Data already exists: 9
2024-05-06 13:26:39.058 info: Data already exists: 3
2024-05-06 13:26:39.058 info: Data already exists: 5
2024-05-06 13:26:39.058 info: Data already exists: 0
2024-05-06 13:26:39.059 info: Data already exists: 4
2024-05-06 13:26:39.059 info: Data already exists: 2
2024-05-06 13:26:39.059 info: Data already exists: 8
2024-05-06 13:26:39.065 info: Data already exists: 9
2024-05-06 13:26:39.065 info: Data already exists: 5
2024-05-06 13:26:39.066 info: Data already exists: 1
2024-05-06 13:26:39.066 info: Data already exists: 0
2024-05-06 13:26:39.066 info: Data already exists: 3
2024-05-06 13:26:39.066 info: Data already exists: 2
2024-05-06 13:26:39.067 info: Data already exists: 1
2024-05-06 13:26:39.067 info: Data already exists: 6
2024-05-06 13:26:39.067 info: Data already exists: 6
2024-05-06 13:26:39.068 info: Data already exists: 1
2024-05-06 13:26:39.068 info: Data already exists: 8
2024-05-06 13:26:39.069 info: Data already exists: 1
2024-05-06 13:26:39.069 info: Data already exists: 7
2024-05-06 13:26:39.070 info: Data already exists: 0
2024-05-06 13:26:39.070 info: Data already exists: 7
2024-05-06 13:26:39.070 info: Data already exists: 2
2024-05-06 13:26:39.070 info: Data already exists: 6
2024-05-06 13:26:39.071 info: Data already exists: 9
2024-05-06 13:26:39.071 info: Data already exists: 4
2024-05-06 13:26:39.071 info: Data already exists: 9
2024-05-06 13:26:39.072 info: Data already exists: 6
2024-05-06 13:26:39.072 info: Data already exists: 8
2024-05-06 13:26:39.072 info: Data already exists: 5
2024-05-06 13:26:39.072 info: Data already exists: 4
2024-05-06 13:26:39.073 info: Data already exists: 1
2024-05-06 13:26:39.073 info: Data already exists: 4
2024-05-06 13:26:39.073 info: Data already exists: 7
2024-05-06 13:26:49.062 info: Data already exists: 9
2024-05-06 13:26:49.062 info: Data already exists: 1
2024-05-06 13:26:49.063 info: Data already exists: 6
2024-05-06 13:26:49.063 info: Data already exists: 0
2024-05-06 13:26:49.063 info: Data already exists: 9
2024-05-06 13:26:49.063 info: Data already exists: 3
2024-05-06 13:26:49.064 info: Data already exists: 5
2024-05-06 13:26:49.064 info: Data already exists: 0
2024-05-06 13:26:49.065 info: Data already exists: 4
2024-05-06 13:26:49.065 info: Data already exists: 2
2024-05-06 13:26:49.065 info: Data already exists: 8
2024-05-06 13:26:49.066 info: Data already exists: 9
2024-05-06 13:26:49.066 info: Data already exists: 5
2024-05-06 13:26:49.066 info: Data already exists: 1
2024-05-06 13:26:49.066 info: Data already exists: 0
2024-05-06 13:26:49.067 info: Data already exists: 3
2024-05-06 13:26:49.067 info: Data already exists: 2
2024-05-06 13:26:49.067 info: Data already exists: 1
2024-05-06 13:26:49.067 info: Data already exists: 6
2024-05-06 13:26:49.068 info: Data already exists: 6
2024-05-06 13:26:49.068 info: Data already exists: 1
2024-05-06 13:26:49.068 info: Data already exists: 8
2024-05-06 13:26:49.068 info: Data already exists: 1
2024-05-06 13:26:49.069 info: Data already exists: 7
2024-05-06 13:26:49.069 info: Data already exists: 0
2024-05-06 13:26:49.069 info: Data already exists: 7
2024-05-06 13:26:49.069 info: Data already exists: 2
2024-05-06 13:26:49.069 info: Data already exists: 6
2024-05-06 13:26:49.070 info: Data already exists: 9
2024-05-06 13:26:49.070 info: Data already exists: 4
2024-05-06 13:26:49.070 info: Data already exists: 9
2024-05-06 13:26:49.070 info: Data already exists: 6
2024-05-06 13:26:49.070 info: Data already exists: 8
2024-05-06 13:26:49.071 info: Data already exists: 5
2024-05-06 13:26:49.072 info: Data already exists: 4
2024-05-06 13:26:49.072 info: Data already exists: 1
2024-05-06 13:26:49.072 info: Data already exists: 4
2024-05-06 13:26:49.073 info: Data already exists: 7
2024-05-06 13:26:49.073 info: Data already exists: 7
2024-05-06 13:26:49.073 info: Data already exists: 6
2024-05-06 13:26:59.063 info: Data already exists: 9
2024-05-06 13:26:59.064 info: Data already exists: 1
2024-05-06 13:26:59.064 info: Data already exists: 6
2024-05-06 13:26:59.065 info: Data already exists: 0
2024-05-06 13:26:59.066 info: Data already exists: 9
2024-05-06 13:26:59.066 info: Data already exists: 3
2024-05-06 13:26:59.067 info: Data already exists: 5
2024-05-06 13:26:59.067 info: Data already exists: 0
2024-05-06 13:26:59.068 info: Data already exists: 4
2024-05-06 13:26:59.068 info: Data already exists: 2
2024-05-06 13:26:59.069 info: Data already exists: 8
2024-05-06 13:26:59.069 info: Data already exists: 9
2024-05-06 13:26:59.070 info: Data already exists: 5
2024-05-06 13:26:59.070 info: Data already exists: 1
2024-05-06 13:26:59.070 info: Data already exists: 0
2024-05-06 13:26:59.070 info: Data already exists: 3
2024-05-06 13:26:59.071 info: Data already exists: 2
2024-05-06 13:26:59.071 info: Data already exists: 1
2024-05-06 13:26:59.071 info: Data already exists: 6
2024-05-06 13:26:59.071 info: Data already exists: 6
2024-05-06 13:26:59.072 info: Data already exists: 1
2024-05-06 13:26:59.072 info: Data already exists: 8
2024-05-06 13:26:59.072 info: Data already exists: 1
2024-05-06 13:26:59.072 info: Data already exists: 7
2024-05-06 13:26:59.073 info: Data already exists: 0
2024-05-06 13:26:59.073 info: Data already exists: 7
2024-05-06 13:26:59.073 info: Data already exists: 2
2024-05-06 13:26:59.073 info: Data already exists: 6
2024-05-06 13:26:59.076 info: Data already exists: 9
2024-05-06 13:26:59.076 info: Data already exists: 4
2024-05-06 13:26:59.077 info: Data already exists: 9
2024-05-06 13:26:59.077 info: Data already exists: 6
2024-05-06 13:26:59.077 info: Data already exists: 8
2024-05-06 13:26:59.077 info: Data already exists: 5
2024-05-06 13:26:59.078 info: Data already exists: 4
2024-05-06 13:26:59.078 info: Data already exists: 1
2024-05-06 13:26:59.078 info: Data already exists: 4
2024-05-06 13:26:59.078 info: Data already exists: 7
2024-05-06 13:26:59.079 info: Data already exists: 7
2024-05-06 13:26:59.079 info: Data already exists: 6
2024-05-06 13:26:59.079 info: Data already exists: 6
2024-05-06 13:26:59.079 info: Data already exists: 0
2024-05-06 13:27:09.078 info: Data already exists: 9
2024-05-06 13:27:09.079 info: Data already exists: 1
2024-05-06 13:27:09.080 info: Data already exists: 6
2024-05-06 13:27:09.080 info: Data already exists: 0
2024-05-06 13:27:09.081 info: Data already exists: 9
2024-05-06 13:27:09.082 info: Data already exists: 3
2024-05-06 13:27:09.082 info: Data already exists: 5
2024-05-06 13:27:09.083 info: Data already exists: 0
2024-05-06 13:27:09.085 info: Data already exists: 4
2024-05-06 13:27:09.086 info: Data already exists: 2
2024-05-06 13:27:09.087 info: Data already exists: 8
2024-05-06 13:27:09.088 info: Data already exists: 9
2024-05-06 13:27:09.088 info: Data already exists: 5
2024-05-06 13:27:09.089 info: Data already exists: 1
2024-05-06 13:27:09.089 info: Data already exists: 0
2024-05-06 13:27:09.090 info: Data already exists: 3
2024-05-06 13:27:09.090 info: Data already exists: 2
2024-05-06 13:27:09.091 info: Data already exists: 1
2024-05-06 13:27:09.091 info: Data already exists: 6
2024-05-06 13:27:09.091 info: Data already exists: 6
2024-05-06 13:27:09.092 info: Data already exists: 1
2024-05-06 13:27:09.092 info: Data already exists: 8
2024-05-06 13:27:09.092 info: Data already exists: 1
2024-05-06 13:27:09.093 info: Data already exists: 7
2024-05-06 13:27:09.093 info: Data already exists: 0
2024-05-06 13:27:09.093 info: Data already exists: 7
2024-05-06 13:27:09.094 info: Data already exists: 2
2024-05-06 13:27:09.094 info: Data already exists: 6
2024-05-06 13:27:09.094 info: Data already exists: 9
2024-05-06 13:27:09.094 info: Data already exists: 4
2024-05-06 13:27:09.095 info: Data already exists: 9
2024-05-06 13:27:09.095 info: Data already exists: 6
2024-05-06 13:27:09.095 info: Data already exists: 8
2024-05-06 13:27:09.095 info: Data already exists: 5
2024-05-06 13:27:09.096 info: Data already exists: 4
2024-05-06 13:27:09.096 info: Data already exists: 1
2024-05-06 13:27:09.096 info: Data already exists: 4
2024-05-06 13:27:09.096 info: Data already exists: 7
2024-05-06 13:27:09.097 info: Data already exists: 7
2024-05-06 13:27:09.097 info: Data already exists: 6
2024-05-06 13:27:09.097 info: Data already exists: 6
2024-05-06 13:27:09.098 info: Data already exists: 0
2024-05-06 13:27:09.098 info: Data already exists: 7
2024-05-06 13:27:09.098 info: Data already exists: 5
2024-05-06 13:41:00.597 info: Connected to database
2024-05-06 13:41:00.599 info: Server is running on port 8000
2024-05-06 13:41:10.666 info: Generated and added new data: 9
2024-05-06 13:41:10.667 info: Generated and added new data: 1
2024-05-06 13:41:10.669 info: Generated and added new data: 6
2024-05-06 13:41:10.670 info: Generated and added new data: 0
2024-05-06 13:41:10.672 info: Generated and added new data: 9
2024-05-06 13:41:10.673 info: Generated and added new data: 3
2024-05-06 13:41:10.674 info: Generated and added new data: 5
2024-05-06 13:41:10.676 info: Generated and added new data: 0
2024-05-06 13:41:10.677 info: Generated and added new data: 4
2024-05-06 13:41:10.678 info: Generated and added new data: 2
2024-05-06 13:41:10.679 info: Generated and added new data: 8
2024-05-06 13:41:10.680 info: Generated and added new data: 9
2024-05-06 13:41:10.680 info: Generated and added new data: 5
2024-05-06 13:41:10.681 info: Generated and added new data: 1
2024-05-06 13:41:10.682 info: Generated and added new data: 0
2024-05-06 13:41:10.683 info: Generated and added new data: 3
2024-05-06 13:41:10.684 info: Generated and added new data: 2
2024-05-06 13:41:10.685 info: Generated and added new data: 1
2024-05-06 13:41:10.686 info: Generated and added new data: 6
2024-05-06 13:41:10.687 info: Generated and added new data: 6
2024-05-06 13:41:10.688 info: Generated and added new data: 1
2024-05-06 13:41:10.689 info: Generated and added new data: 8
2024-05-06 13:41:10.689 info: Generated and added new data: 1
2024-05-06 13:41:10.690 info: Generated and added new data: 7
2024-05-06 13:41:10.691 info: Generated and added new data: 0
2024-05-06 13:41:10.692 info: Generated and added new data: 7
2024-05-06 13:41:10.693 info: Generated and added new data: 2
2024-05-06 13:41:10.694 info: Generated and added new data: 6
2024-05-06 13:41:10.694 info: Generated and added new data: 9
2024-05-06 13:41:10.695 info: Generated and added new data: 4
2024-05-06 13:41:10.696 info: Generated and added new data: 9
2024-05-06 13:41:10.697 info: Generated and added new data: 6
2024-05-06 13:41:10.697 info: Generated and added new data: 8
2024-05-06 13:41:10.698 info: Generated and added new data: 5
2024-05-06 13:41:10.699 info: Generated and added new data: 4
2024-05-06 13:41:10.700 info: Generated and added new data: 1
2024-05-06 13:41:10.700 info: Generated and added new data: 4
2024-05-06 13:41:10.701 info: Generated and added new data: 7
2024-05-06 13:41:10.702 info: Generated and added new data: 7
2024-05-06 13:41:10.704 info: Generated and added new data: 6
2024-05-06 13:41:10.705 info: Generated and added new data: 6
2024-05-06 13:41:10.709 info: Generated and added new data: 0
2024-05-06 13:41:10.710 info: Generated and added new data: 7
2024-05-06 13:41:10.710 info: Generated and added new data: 5
2024-05-06 13:41:10.711 info: Generated and added new data: 2
2024-05-06 13:41:20.555 info: Generated and added new data: 9
2024-05-06 13:41:20.557 info: Generated and added new data: 1
2024-05-06 13:41:20.559 info: Generated and added new data: 6
2024-05-06 13:41:20.560 info: Generated and added new data: 0
2024-05-06 13:41:20.561 info: Generated and added new data: 9
2024-05-06 13:41:20.562 info: Generated and added new data: 3
2024-05-06 13:41:20.563 info: Generated and added new data: 5
2024-05-06 13:41:20.564 info: Generated and added new data: 0
2024-05-06 13:41:20.565 info: Generated and added new data: 4
2024-05-06 13:41:20.566 info: Generated and added new data: 2
2024-05-06 13:41:20.567 info: Generated and added new data: 8
2024-05-06 13:41:20.568 info: Generated and added new data: 9
2024-05-06 13:41:20.569 info: Generated and added new data: 5
2024-05-06 13:41:20.571 info: Generated and added new data: 1
2024-05-06 13:41:20.572 info: Generated and added new data: 0
2024-05-06 13:41:20.573 info: Generated and added new data: 3
2024-05-06 13:41:20.574 info: Generated and added new data: 2
2024-05-06 13:41:20.575 info: Generated and added new data: 1
2024-05-06 13:41:20.576 info: Generated and added new data: 6
2024-05-06 13:41:20.579 info: Generated and added new data: 6
2024-05-06 13:41:20.580 info: Generated and added new data: 1
2024-05-06 13:41:20.581 info: Generated and added new data: 8
2024-05-06 13:41:20.582 info: Generated and added new data: 1
2024-05-06 13:41:20.582 info: Generated and added new data: 7
2024-05-06 13:41:20.583 info: Generated and added new data: 0
2024-05-06 13:41:20.584 info: Generated and added new data: 7
2024-05-06 13:41:20.585 info: Generated and added new data: 2
2024-05-06 13:41:20.586 info: Generated and added new data: 6
2024-05-06 13:41:20.587 info: Generated and added new data: 9
2024-05-06 13:41:20.588 info: Generated and added new data: 4
2024-05-06 13:41:20.589 info: Generated and added new data: 9
2024-05-06 13:41:20.589 info: Generated and added new data: 6
2024-05-06 13:41:20.590 info: Generated and added new data: 8
2024-05-06 13:41:20.591 info: Generated and added new data: 5
2024-05-06 13:41:20.593 info: Generated and added new data: 4
2024-05-06 13:41:20.593 info: Generated and added new data: 1
2024-05-06 13:41:20.596 info: Generated and added new data: 4
2024-05-06 13:41:20.597 info: Generated and added new data: 7
2024-05-06 13:41:20.598 info: Generated and added new data: 7
2024-05-06 13:41:20.599 info: Generated and added new data: 6
2024-05-06 13:41:20.600 info: Generated and added new data: 6
2024-05-06 13:41:20.602 info: Generated and added new data: 0
2024-05-06 13:41:20.602 info: Generated and added new data: 7
2024-05-06 13:41:20.604 info: Generated and added new data: 5
2024-05-06 13:41:20.605 info: Generated and added new data: 2
2024-05-06 13:41:30.552 info: Generated and added new data: 9
2024-05-06 13:41:30.555 info: Generated and added new data: 1
2024-05-06 13:41:30.557 info: Generated and added new data: 6
2024-05-06 13:41:30.558 info: Generated and added new data: 0
2024-05-06 13:41:30.559 info: Generated and added new data: 9
2024-05-06 13:41:30.561 info: Generated and added new data: 3
2024-05-06 13:41:30.562 info: Generated and added new data: 5
2024-05-06 13:41:30.564 info: Generated and added new data: 0
2024-05-06 13:41:30.565 info: Generated and added new data: 4
2024-05-06 13:41:30.566 info: Generated and added new data: 2
2024-05-06 13:41:30.567 info: Generated and added new data: 8
2024-05-06 13:41:30.568 info: Generated and added new data: 9
2024-05-06 13:41:30.570 info: Generated and added new data: 5
2024-05-06 13:41:30.571 info: Generated and added new data: 1
2024-05-06 13:41:30.573 info: Generated and added new data: 0
2024-05-06 13:41:30.574 info: Generated and added new data: 3
2024-05-06 13:41:30.575 info: Generated and added new data: 2
2024-05-06 13:41:30.577 info: Generated and added new data: 1
2024-05-06 13:41:30.578 info: Generated and added new data: 6
2024-05-06 13:41:30.579 info: Generated and added new data: 6
2024-05-06 13:41:30.580 info: Generated and added new data: 1
2024-05-06 13:41:30.581 info: Generated and added new data: 8
2024-05-06 13:41:30.582 info: Generated and added new data: 1
2024-05-06 13:41:30.584 info: Generated and added new data: 7
2024-05-06 13:41:30.585 info: Generated and added new data: 0
2024-05-06 13:41:30.586 info: Generated and added new data: 7
2024-05-06 13:41:30.587 info: Generated and added new data: 2
2024-05-06 13:41:30.588 info: Generated and added new data: 6
2024-05-06 13:41:30.588 info: Generated and added new data: 9
2024-05-06 13:41:30.589 info: Generated and added new data: 4
2024-05-06 13:41:30.590 info: Generated and added new data: 9
2024-05-06 13:41:30.591 info: Generated and added new data: 6
2024-05-06 13:41:30.592 info: Generated and added new data: 8
2024-05-06 13:41:30.593 info: Generated and added new data: 5
2024-05-06 13:41:30.594 info: Generated and added new data: 4
2024-05-06 13:41:30.595 info: Generated and added new data: 1
2024-05-06 13:41:30.596 info: Generated and added new data: 4
2024-05-06 13:41:30.597 info: Generated and added new data: 7
2024-05-06 13:41:30.598 info: Generated and added new data: 7
2024-05-06 13:41:30.599 info: Generated and added new data: 6
2024-05-06 13:41:30.599 info: Generated and added new data: 6
2024-05-06 13:41:30.600 info: Generated and added new data: 0
2024-05-06 13:41:30.601 info: Generated and added new data: 7
2024-05-06 13:41:30.602 info: Generated and added new data: 5
2024-05-06 13:41:30.603 info: Generated and added new data: 2
2024-05-06 13:41:30.604 info: Generated and added new data: 2
2024-05-06 13:41:40.552 info: Generated and added new data: 9
2024-05-06 13:41:40.554 info: Generated and added new data: 1
2024-05-06 13:41:40.556 info: Generated and added new data: 6
2024-05-06 13:41:40.557 info: Generated and added new data: 0
2024-05-06 13:41:40.558 info: Generated and added new data: 9
2024-05-06 13:41:40.559 info: Generated and added new data: 3
2024-05-06 13:41:40.560 info: Generated and added new data: 5
2024-05-06 13:41:40.561 info: Generated and added new data: 0
2024-05-06 13:41:40.563 info: Generated and added new data: 4
2024-05-06 13:41:40.563 info: Generated and added new data: 2
2024-05-06 13:41:40.564 info: Generated and added new data: 8
2024-05-06 13:41:40.565 info: Generated and added new data: 9
2024-05-06 13:41:40.566 info: Generated and added new data: 5
2024-05-06 13:41:40.567 info: Generated and added new data: 1
2024-05-06 13:41:40.568 info: Generated and added new data: 0
2024-05-06 13:41:40.569 info: Generated and added new data: 3
2024-05-06 13:41:40.570 info: Generated and added new data: 2
2024-05-06 13:41:40.571 info: Generated and added new data: 1
2024-05-06 13:41:40.571 info: Generated and added new data: 6
2024-05-06 13:41:40.572 info: Generated and added new data: 6
2024-05-06 13:41:40.573 info: Generated and added new data: 1
2024-05-06 13:41:40.574 info: Generated and added new data: 8
2024-05-06 13:41:40.575 info: Generated and added new data: 1
2024-05-06 13:41:40.576 info: Generated and added new data: 7
2024-05-06 13:41:40.577 info: Generated and added new data: 0
2024-05-06 13:41:40.578 info: Generated and added new data: 7
2024-05-06 13:41:40.579 info: Generated and added new data: 2
2024-05-06 13:41:40.579 info: Generated and added new data: 6
2024-05-06 13:41:40.580 info: Generated and added new data: 9
2024-05-06 13:41:40.581 info: Generated and added new data: 4
2024-05-06 13:41:40.582 info: Generated and added new data: 9
2024-05-06 13:41:40.583 info: Generated and added new data: 6
2024-05-06 13:41:40.584 info: Generated and added new data: 8
2024-05-06 13:41:40.585 info: Generated and added new data: 5
2024-05-06 13:41:40.586 info: Generated and added new data: 4
2024-05-06 13:41:40.587 info: Generated and added new data: 1
2024-05-06 13:41:40.588 info: Generated and added new data: 4
2024-05-06 13:41:40.589 info: Generated and added new data: 7
2024-05-06 13:41:40.590 info: Generated and added new data: 7
2024-05-06 13:41:40.590 info: Generated and added new data: 6
2024-05-06 13:41:40.591 info: Generated and added new data: 6
2024-05-06 13:41:40.592 info: Generated and added new data: 0
2024-05-06 13:41:40.593 info: Generated and added new data: 7
2024-05-06 13:41:40.594 info: Generated and added new data: 5
2024-05-06 13:41:40.595 info: Generated and added new data: 2
2024-05-06 13:41:40.596 info: Generated and added new data: 2
2024-05-06 13:56:36.184 info: Connected to database
2024-05-06 13:56:36.188 info: Server is running on port 8000
2024-05-06 13:56:46.238 info: Generated and added new data: 9
2024-05-06 13:56:46.240 info: Generated and added new data: 1
2024-05-06 13:56:46.241 info: Generated and added new data: 6
2024-05-06 13:56:46.242 info: Generated and added new data: 0
2024-05-06 13:56:46.244 info: Generated and added new data: 9
2024-05-06 13:56:46.245 info: Generated and added new data: 3
2024-05-06 13:56:46.246 info: Generated and added new data: 5
2024-05-06 13:56:46.247 info: Generated and added new data: 0
2024-05-06 13:56:46.248 info: Generated and added new data: 4
2024-05-06 13:56:46.250 info: Generated and added new data: 2
2024-05-06 13:56:46.251 info: Generated and added new data: 8
2024-05-06 13:56:46.252 info: Generated and added new data: 9
2024-05-06 13:56:46.252 info: Generated and added new data: 5
2024-05-06 13:56:46.253 info: Generated and added new data: 1
2024-05-06 13:56:46.254 info: Generated and added new data: 0
2024-05-06 13:56:46.255 info: Generated and added new data: 3
2024-05-06 13:56:46.256 info: Generated and added new data: 2
2024-05-06 13:56:46.257 info: Generated and added new data: 1
2024-05-06 13:56:46.258 info: Generated and added new data: 6
2024-05-06 13:56:46.259 info: Generated and added new data: 6
2024-05-06 13:56:46.259 info: Generated and added new data: 1
2024-05-06 13:56:46.260 info: Generated and added new data: 8
2024-05-06 13:56:46.261 info: Generated and added new data: 1
2024-05-06 13:56:46.261 info: Generated and added new data: 7
2024-05-06 13:56:46.262 info: Generated and added new data: 0
2024-05-06 13:56:46.263 info: Generated and added new data: 7
2024-05-06 13:56:46.264 info: Generated and added new data: 2
2024-05-06 13:56:46.264 info: Generated and added new data: 6
2024-05-06 13:56:46.265 info: Generated and added new data: 9
2024-05-06 13:56:46.266 info: Generated and added new data: 4
2024-05-06 13:56:46.267 info: Generated and added new data: 9
2024-05-06 13:56:46.268 info: Generated and added new data: 6
2024-05-06 13:56:46.269 info: Generated and added new data: 8
2024-05-06 13:56:46.270 info: Generated and added new data: 5
2024-05-06 13:56:46.270 info: Generated and added new data: 4
2024-05-06 13:56:46.271 info: Generated and added new data: 1
2024-05-06 13:56:46.272 info: Generated and added new data: 4
2024-05-06 13:56:46.273 info: Generated and added new data: 7
2024-05-06 13:56:46.274 info: Generated and added new data: 7
2024-05-06 13:56:46.274 info: Generated and added new data: 6
2024-05-06 13:56:46.275 info: Generated and added new data: 6
2024-05-06 13:56:46.276 info: Generated and added new data: 0
2024-05-06 13:56:46.276 info: Generated and added new data: 7
2024-05-06 13:56:46.277 info: Generated and added new data: 5
2024-05-06 13:56:46.278 info: Generated and added new data: 2
2024-05-06 13:56:46.280 info: Generated and added new data: 2
2024-05-06 13:56:46.280 info: Generated and added new data: 4
2024-05-06 13:56:56.157 info: Generated and added new data: 9
2024-05-06 13:56:56.158 info: Generated and added new data: 1
2024-05-06 13:56:56.159 info: Generated and added new data: 6
2024-05-06 13:56:56.160 info: Generated and added new data: 0
2024-05-06 13:56:56.162 info: Generated and added new data: 9
2024-05-06 13:56:56.163 info: Generated and added new data: 3
2024-05-06 13:56:56.165 info: Generated and added new data: 5
2024-05-06 13:56:56.166 info: Generated and added new data: 0
2024-05-06 13:56:56.167 info: Generated and added new data: 4
2024-05-06 13:56:56.168 info: Generated and added new data: 2
2024-05-06 13:56:56.170 info: Generated and added new data: 8
2024-05-06 13:56:56.171 info: Generated and added new data: 9
2024-05-06 13:56:56.172 info: Generated and added new data: 5
2024-05-06 13:56:56.173 info: Generated and added new data: 1
2024-05-06 13:56:56.174 info: Generated and added new data: 0
2024-05-06 13:56:56.175 info: Generated and added new data: 3
2024-05-06 13:56:56.176 info: Generated and added new data: 2
2024-05-06 13:56:56.177 info: Generated and added new data: 1
2024-05-06 13:56:56.178 info: Generated and added new data: 6
2024-05-06 13:56:56.179 info: Generated and added new data: 6
2024-05-06 13:56:56.180 info: Generated and added new data: 1
2024-05-06 13:56:56.180 info: Generated and added new data: 8
2024-05-06 13:56:56.181 info: Generated and added new data: 1
2024-05-06 13:56:56.182 info: Generated and added new data: 7
2024-05-06 13:56:56.183 info: Generated and added new data: 0
2024-05-06 13:56:56.184 info: Generated and added new data: 7
2024-05-06 13:56:56.184 info: Generated and added new data: 2
2024-05-06 13:56:56.185 info: Generated and added new data: 6
2024-05-06 13:56:56.186 info: Generated and added new data: 9
2024-05-06 13:56:56.187 info: Generated and added new data: 4
2024-05-06 13:56:56.188 info: Generated and added new data: 9
2024-05-06 13:56:56.189 info: Generated and added new data: 6
2024-05-06 13:56:56.189 info: Generated and added new data: 8
2024-05-06 13:56:56.190 info: Generated and added new data: 5
2024-05-06 13:56:56.191 info: Generated and added new data: 4
2024-05-06 13:56:56.192 info: Generated and added new data: 1
2024-05-06 13:56:56.193 info: Generated and added new data: 4
2024-05-06 13:56:56.194 info: Generated and added new data: 7
2024-05-06 13:56:56.195 info: Generated and added new data: 7
2024-05-06 13:56:56.195 info: Generated and added new data: 6
2024-05-06 13:56:56.196 info: Generated and added new data: 6
2024-05-06 13:56:56.197 info: Generated and added new data: 0
2024-05-06 13:56:56.198 info: Generated and added new data: 7
2024-05-06 13:56:56.198 info: Generated and added new data: 5
2024-05-06 13:56:56.199 info: Generated and added new data: 2
2024-05-06 13:56:56.200 info: Generated and added new data: 2
2024-05-06 13:56:56.201 info: Generated and added new data: 4
2024-05-06 13:57:06.159 info: Generated and added new data: 9
2024-05-06 13:57:06.161 info: Generated and added new data: 1
2024-05-06 13:57:06.162 info: Generated and added new data: 6
2024-05-06 13:57:06.163 info: Generated and added new data: 0
2024-05-06 13:57:06.164 info: Generated and added new data: 9
2024-05-06 13:57:06.165 info: Generated and added new data: 3
2024-05-06 13:57:06.166 info: Generated and added new data: 5
2024-05-06 13:57:06.167 info: Generated and added new data: 0
2024-05-06 13:57:06.168 info: Generated and added new data: 4
2024-05-06 13:57:06.169 info: Generated and added new data: 2
2024-05-06 13:57:06.170 info: Generated and added new data: 8
2024-05-06 13:57:06.171 info: Generated and added new data: 9
2024-05-06 13:57:06.172 info: Generated and added new data: 5
2024-05-06 13:57:06.173 info: Generated and added new data: 1
2024-05-06 13:57:06.174 info: Generated and added new data: 0
2024-05-06 13:57:06.175 info: Generated and added new data: 3
2024-05-06 13:57:06.175 info: Generated and added new data: 2
2024-05-06 13:57:06.176 info: Generated and added new data: 1
2024-05-06 13:57:06.177 info: Generated and added new data: 6
2024-05-06 13:57:06.179 info: Generated and added new data: 6
2024-05-06 13:57:06.180 info: Generated and added new data: 1
2024-05-06 13:57:06.180 info: Generated and added new data: 8
2024-05-06 13:57:06.181 info: Generated and added new data: 1
2024-05-06 13:57:06.182 info: Generated and added new data: 7
2024-05-06 13:57:06.183 info: Generated and added new data: 0
2024-05-06 13:57:06.183 info: Generated and added new data: 7
2024-05-06 13:57:06.184 info: Generated and added new data: 2
2024-05-06 13:57:06.185 info: Generated and added new data: 6
2024-05-06 13:57:06.186 info: Generated and added new data: 9
2024-05-06 13:57:06.187 info: Generated and added new data: 4
2024-05-06 13:57:06.187 info: Generated and added new data: 9
2024-05-06 13:57:06.188 info: Generated and added new data: 6
2024-05-06 13:57:06.189 info: Generated and added new data: 8
2024-05-06 13:57:06.190 info: Generated and added new data: 5
2024-05-06 13:57:06.191 info: Generated and added new data: 4
2024-05-06 13:57:06.191 info: Generated and added new data: 1
2024-05-06 13:57:06.192 info: Generated and added new data: 4
2024-05-06 13:57:06.193 info: Generated and added new data: 7
2024-05-06 13:57:06.194 info: Generated and added new data: 7
2024-05-06 13:57:06.205 info: Generated and added new data: 6
2024-05-06 13:57:06.206 info: Generated and added new data: 6
2024-05-06 13:57:06.207 info: Generated and added new data: 0
2024-05-06 13:57:06.208 info: Generated and added new data: 7
2024-05-06 13:57:06.209 info: Generated and added new data: 5
2024-05-06 13:57:06.210 info: Generated and added new data: 2
2024-05-06 13:57:06.211 info: Generated and added new data: 2
2024-05-06 13:57:06.212 info: Generated and added new data: 4
2024-05-06 13:57:06.213 info: Generated and added new data: 1
2024-05-06 13:57:16.144 info: Generated and added new data: 9
2024-05-06 13:57:16.146 info: Generated and added new data: 1
2024-05-06 13:57:16.147 info: Generated and added new data: 6
2024-05-06 13:57:16.148 info: Generated and added new data: 0
2024-05-06 13:57:16.150 info: Generated and added new data: 9
2024-05-06 13:57:16.151 info: Generated and added new data: 3
2024-05-06 13:57:16.152 info: Generated and added new data: 5
2024-05-06 13:57:16.154 info: Generated and added new data: 0
2024-05-06 13:57:16.155 info: Generated and added new data: 4
2024-05-06 13:57:16.156 info: Generated and added new data: 2
2024-05-06 13:57:16.157 info: Generated and added new data: 8
2024-05-06 13:57:16.158 info: Generated and added new data: 9
2024-05-06 13:57:16.159 info: Generated and added new data: 5
2024-05-06 13:57:16.160 info: Generated and added new data: 1
2024-05-06 13:57:16.161 info: Generated and added new data: 0
2024-05-06 13:57:16.163 info: Generated and added new data: 3
2024-05-06 13:57:16.164 info: Generated and added new data: 2
2024-05-06 13:57:16.165 info: Generated and added new data: 1
2024-05-06 13:57:16.166 info: Generated and added new data: 6
2024-05-06 13:57:16.168 info: Generated and added new data: 6
2024-05-06 13:57:16.169 info: Generated and added new data: 1
2024-05-06 13:57:16.170 info: Generated and added new data: 8
2024-05-06 13:57:16.171 info: Generated and added new data: 1
2024-05-06 13:57:16.172 info: Generated and added new data: 7
2024-05-06 13:57:16.173 info: Generated and added new data: 0
2024-05-06 13:57:16.174 info: Generated and added new data: 7
2024-05-06 13:57:16.175 info: Generated and added new data: 2
2024-05-06 13:57:16.176 info: Generated and added new data: 6
2024-05-06 13:57:16.177 info: Generated and added new data: 9
2024-05-06 13:57:16.178 info: Generated and added new data: 4
2024-05-06 13:57:16.179 info: Generated and added new data: 9
2024-05-06 13:57:16.180 info: Generated and added new data: 6
2024-05-06 13:57:16.181 info: Generated and added new data: 8
2024-05-06 13:57:16.182 info: Generated and added new data: 5
2024-05-06 13:57:16.183 info: Generated and added new data: 4
2024-05-06 13:57:16.183 info: Generated and added new data: 1
2024-05-06 13:57:16.184 info: Generated and added new data: 4
2024-05-06 13:57:16.185 info: Generated and added new data: 7
2024-05-06 13:57:16.186 info: Generated and added new data: 7
2024-05-06 13:57:16.186 info: Generated and added new data: 6
2024-05-06 13:57:16.187 info: Generated and added new data: 6
2024-05-06 13:57:16.188 info: Generated and added new data: 0
2024-05-06 13:57:16.189 info: Generated and added new data: 7
2024-05-06 13:57:16.190 info: Generated and added new data: 5
2024-05-06 13:57:16.190 info: Generated and added new data: 2
2024-05-06 13:57:16.191 info: Generated and added new data: 2
2024-05-06 13:57:16.192 info: Generated and added new data: 4
2024-05-06 13:57:16.193 info: Generated and added new data: 1
2024-05-06 13:57:48.749 info: Connected to database
2024-05-06 13:57:48.751 info: Server is running on port 8000
2024-05-06 14:02:17.943 info: Connected to database
2024-05-06 14:02:17.946 info: Server is running on port 8000
2024-05-06 14:03:31.644 info: Connected to database
2024-05-06 14:03:31.646 info: Server is running on port 8000
2024-05-06 14:03:41.670 info: Generated and added new data: 9
2024-05-06 14:03:51.632 info: Generated and added new data: 9
2024-05-06 14:04:01.595 info: Generated and added new data: 9
2024-05-06 14:04:11.606 info: Generated and added new data: 9
2024-05-06 14:04:11.607 info: Generated and added new data: 6
2024-05-06 14:04:21.604 info: Generated and added new data: 9
2024-05-06 14:04:21.606 info: Generated and added new data: 6
2024-05-06 14:04:31.601 info: Generated and added new data: 9
2024-05-06 14:04:31.603 info: Generated and added new data: 6
2024-05-06 14:04:31.604 info: Generated and added new data: 8
2024-05-06 14:04:41.599 info: Generated and added new data: 9
2024-05-06 14:04:41.600 info: Generated and added new data: 6
2024-05-06 14:04:41.602 info: Generated and added new data: 8
2024-05-06 14:04:51.597 info: Generated and added new data: 9
2024-05-06 14:04:51.598 info: Generated and added new data: 6
2024-05-06 14:04:51.600 info: Generated and added new data: 8
2024-05-06 14:05:01.607 info: Generated and added new data: 9
2024-05-06 14:05:01.609 info: Generated and added new data: 6
2024-05-06 14:05:01.611 info: Generated and added new data: 8
2024-05-06 14:05:01.612 info: Generated and added new data: 7
2024-05-06 14:05:11.601 info: Generated and added new data: 9
2024-05-06 14:05:11.602 info: Generated and added new data: 6
2024-05-06 14:05:11.603 info: Generated and added new data: 7
2024-05-06 14:05:21.609 info: Generated and added new data: 9
2024-05-06 14:05:21.611 info: Generated and added new data: 6
2024-05-06 14:05:21.612 info: Generated and added new data: 7
2024-05-06 14:05:21.614 info: Generated and added new data: 3
2024-05-06 14:05:31.607 info: Generated and added new data: 9
2024-05-06 14:05:31.611 info: Generated and added new data: 6
2024-05-06 14:05:31.613 info: Generated and added new data: 3
2024-05-06 14:05:41.606 info: Generated and added new data: 9
2024-05-06 14:05:41.608 info: Generated and added new data: 6
2024-05-06 14:05:41.611 info: Generated and added new data: 3
2024-05-06 14:05:51.612 info: Generated and added new data: 9
2024-05-06 14:05:51.616 info: Generated and added new data: 6
2024-05-06 14:05:51.617 info: Generated and added new data: 3
2024-05-06 14:05:51.619 info: Generated and added new data: 4
2024-05-06 14:06:01.614 info: Generated and added new data: 9
2024-05-06 14:06:01.616 info: Generated and added new data: 6
2024-05-06 14:06:01.618 info: Generated and added new data: 3
2024-05-06 14:06:01.619 info: Generated and added new data: 4
2024-05-06 14:06:11.610 info: Generated and added new data: 9
2024-05-06 14:06:11.613 info: Generated and added new data: 6
2024-05-06 14:06:11.615 info: Generated and added new data: 3
2024-05-06 14:06:11.617 info: Generated and added new data: 4
2024-05-06 14:06:11.618 info: Generated and added new data: 3
2024-05-06 14:06:34.486 info: Connected to database
2024-05-06 14:06:34.488 info: Server is running on port 8000
2024-05-06 14:07:04.445 info: Generated and added new data: 7
2024-05-06 14:07:14.469 info: Generated and added new data: 7
2024-05-06 14:07:24.448 info: Generated and added new data: 7
2024-05-06 14:07:24.450 info: Generated and added new data: 8
2024-05-06 14:07:34.441 info: Generated and added new data: 7
2024-05-06 14:07:44.444 info: Generated and added new data: 7
2024-05-06 14:07:54.446 info: Generated and added new data: 7
2024-05-06 14:07:54.450 info: Generated and added new data: 8
2024-05-06 14:08:04.452 info: Generated and added new data: 7
2024-05-06 14:08:04.454 info: Generated and added new data: 8
2024-05-06 14:08:14.444 info: Generated and added new data: 7
2024-05-06 14:08:14.446 info: Generated and added new data: 8
2024-05-06 14:08:14.447 info: Generated and added new data: 6
2024-05-06 14:33:31.100 info: Connected to database
2024-05-06 14:33:31.104 info: Server is running on port 8000
2024-05-06 14:33:41.161 info: Generated and added new data: 7
2024-05-06 14:33:41.162 info: Generated and added new data: 8
2024-05-06 14:33:41.163 info: Generated and added new data: 6
2024-05-06 14:33:51.062 info: Generated and added new data: 7
2024-05-06 14:33:51.065 info: Generated and added new data: 8
2024-05-06 14:33:51.067 info: Generated and added new data: 6
2024-05-06 14:34:01.061 info: Generated and added new data: 7
2024-05-06 14:34:01.064 info: Generated and added new data: 8
2024-05-06 14:34:01.065 info: Generated and added new data: 6
2024-05-06 14:34:01.066 info: Generated and added new data: 7
2024-05-06 14:34:11.058 info: Generated and added new data: 7
2024-05-06 14:34:11.062 info: Generated and added new data: 8
2024-05-06 14:34:11.064 info: Generated and added new data: 6
2024-05-06 14:34:11.065 info: Generated and added new data: 7
2024-05-06 14:34:21.061 info: Generated and added new data: 7
2024-05-06 14:34:21.064 info: Generated and added new data: 8
2024-05-06 14:34:21.066 info: Generated and added new data: 6
2024-05-06 14:34:21.067 info: Generated and added new data: 7
2024-05-06 14:34:31.063 info: Generated and added new data: 7
2024-05-06 14:34:31.065 info: Generated and added new data: 8
2024-05-06 14:34:31.066 info: Generated and added new data: 6
2024-05-06 14:34:31.068 info: Generated and added new data: 7
2024-05-06 14:34:31.069 info: Generated and added new data: 5
2024-05-06 14:39:05.644 info: Connected to database
2024-05-06 14:39:05.647 info: Server is running on port 8000
2024-05-06 14:39:15.715 info: Generated and added new data: 7
2024-05-06 14:39:15.717 info: Generated and added new data: 8
2024-05-06 14:39:15.718 info: Generated and added new data: 6
2024-05-06 14:39:15.720 info: Generated and added new data: 7
2024-05-06 14:39:15.722 info: Generated and added new data: 5
2024-05-06 14:39:25.601 info: Generated and added new data: 7
2024-05-06 14:39:25.603 info: Generated and added new data: 8
2024-05-06 14:39:25.605 info: Generated and added new data: 6
2024-05-06 14:39:25.606 info: Generated and added new data: 7
2024-05-06 14:39:25.608 info: Generated and added new data: 5
2024-05-06 14:39:35.602 info: Generated and added new data: 7
2024-05-06 14:39:35.605 info: Generated and added new data: 8
2024-05-06 14:39:35.607 info: Generated and added new data: 6
2024-05-06 14:39:35.609 info: Generated and added new data: 7
2024-05-06 14:39:35.610 info: Generated and added new data: 5
2024-05-06 14:39:35.612 info: Generated and added new data: 6
2024-05-06 14:39:45.599 info: Generated and added new data: 7
2024-05-06 14:39:45.602 info: Generated and added new data: 8
2024-05-06 14:39:45.604 info: Generated and added new data: 6
2024-05-06 14:39:45.607 info: Generated and added new data: 7
2024-05-06 14:39:45.609 info: Generated and added new data: 5
2024-05-06 14:39:45.611 info: Generated and added new data: 6
2024-05-06 14:44:17.679 info: Connected to database
2024-05-06 14:44:17.682 info: Server is running on port 8000
2024-05-06 14:44:27.720 info: Generated and added new data: 5
2024-05-06 14:44:37.632 info: Generated and added new data: 5
2024-05-06 14:44:47.642 info: Generated and added new data: 5
2024-05-06 14:44:47.645 info: Generated and added new data: 9
2024-05-06 14:44:57.642 info: Generated and added new data: 5
2024-05-06 14:44:57.645 info: Generated and added new data: 9
2024-05-06 14:47:40.849 info: Connected to database
2024-05-06 14:47:40.853 info: Server is running on port 8000
2024-05-06 14:47:50.922 info: Generated and added new data: 5
2024-05-06 14:47:50.924 info: Generated and added new data: 9
2024-05-06 14:48:00.806 info: Generated and added new data: 5
2024-05-06 14:48:00.809 info: Generated and added new data: 9
2024-05-06 14:48:10.797 info: Generated and added new data: 5
2024-05-06 14:48:10.798 info: Generated and added new data: 9
2024-05-06 14:48:10.800 info: Generated and added new data: 3
2024-05-06 14:49:17.392 info: Connected to database
2024-05-06 14:49:17.395 info: Server is running on port 8000
2024-05-06 14:49:27.413 info: Generated and added new data: 5
2024-05-06 14:49:27.415 info: Generated and added new data: 9
2024-05-06 14:49:27.417 info: Generated and added new data: 3
2024-05-06 14:49:27.418 info: Generated and added new data: 9
2024-05-06 14:49:27.420 info: Generated and added new data: 9
2024-05-06 14:49:27.421 info: Generated and added new data: 3
2024-05-06 14:49:37.343 info: Generated and added new data: 5
2024-05-06 14:49:37.345 info: Generated and added new data: 9
2024-05-06 14:49:37.346 info: Generated and added new data: 3
2024-05-06 14:49:37.348 info: Generated and added new data: 9
2024-05-06 14:49:37.349 info: Generated and added new data: 9
2024-05-06 14:49:37.350 info: Generated and added new data: 3
2024-05-06 14:50:23.342 info: Connected to database
2024-05-06 14:50:23.346 info: Server is running on port 8000
2024-05-06 14:50:33.394 info: Generated and added new data: 5
2024-05-06 14:50:33.396 info: Generated and added new data: 9
2024-05-06 14:50:33.398 info: Generated and added new data: 3
2024-05-06 14:50:33.399 info: Generated and added new data: 9
2024-05-06 14:50:33.401 info: Generated and added new data: 9
2024-05-06 14:50:33.402 info: Generated and added new data: 3
2024-05-06 14:51:55.639 info: Connected to database
2024-05-06 14:51:55.641 info: Server is running on port 8000
2024-05-06 14:52:05.642 error: Error generating model data: 
Invalid `prisma.cl1.findFirst()` invocation in
/Users/mirmicuper/Code/RIS/RIS_6sem/Lab4_6/mainServer/services/databaseService.js:14:51

  11 const dateObject = new Date(dateString);
  12 const unixTimestamp = Math.floor(dateObject.getTime() / 1000);
  13 console.log(`${unixTimestamp} ${data.studentNumber} ${data.clNum}`)
→ 14 const existingData = await prisma.cl1.findFirst({
       where: {
         date_time: 1714995853,
                    ~~~~~~~~~~
         studentNumber: 2,
         clNum: 5
       }
     })

Argument `date_time`: Invalid value provided. Expected DateTimeFilter or DateTime, provided Int.
2024-05-06 14:53:11.247 info: Connected to database
2024-05-06 14:53:11.249 info: Server is running on port 8000
2024-05-06 14:53:21.275 info: Generated and added new data: 9
2024-05-06 14:53:31.193 info: Generated and added new data: 9
2024-05-06 14:55:21.501 info: Connected to database
2024-05-06 14:55:21.504 info: Server is running on port 8000
2024-05-06 14:55:31.533 info: Generated and added new data: 9
2024-05-06 14:55:41.454 info: Generated and added new data: 9
2024-05-06 14:58:20.260 info: Connected to database
2024-05-06 14:58:20.263 info: Server is running on port 8000
2024-05-06 14:58:30.267 error: Error generating model data: unixTimestamp is not a constructor
2024-05-06 14:58:57.100 info: Connected to database
2024-05-06 14:58:57.102 info: Server is running on port 8000
2024-05-06 14:59:07.130 error: Error generating model data: 
Invalid `prisma.cl1.findFirst()` invocation in
/Users/mirmicuper/Code/RIS/RIS_6sem/Lab4_6/mainServer/services/databaseService.js:14:51

  11 const dateObject = new Date(dateString);
  12 const unixTimestamp = Math.floor(dateObject.getTime());
  13 console.log(`${unixTimestamp} ${data.studentNumber} ${data.clNum}`)
→ 14 const existingData = await prisma.cl1.findFirst({
       where: {
         date_time: 1714996399399,
                    ~~~~~~~~~~~~~
         studentNumber: 2,
         clNum: 9
       }
     })

Argument `date_time`: Invalid value provided. Expected DateTimeFilter or DateTime, provided Int.
2024-05-06 15:00:54.332 info: Connected to database
2024-05-06 15:00:54.336 info: Server is running on port 8000
2024-05-06 15:01:04.388 info: Generated and added new data: 9
2024-05-06 15:01:04.389 info: Generated and added new data: 1
2024-05-06 15:01:14.284 info: Generated and added new data: 9
2024-05-06 15:01:14.286 info: Generated and added new data: 1
2024-05-06 15:08:29.615 info: Connected to database
2024-05-06 15:08:29.618 info: Server is running on port 8000
2024-05-06 15:09:52.025 info: Connected to database
2024-05-06 15:09:52.029 info: Server is running on port 8000
2024-05-06 15:10:20.251 info: Connected to database
2024-05-06 15:10:20.254 info: Server is running on port 8000
2024-05-06 15:10:30.266 info: Generated and added new data: 4
2024-05-06 15:10:40.201 info: Data already exists: 4
2024-05-06 15:11:00.242 info: Data already exists: 4
2024-05-06 15:11:10.201 info: Data already exists: 4
2024-05-06 15:11:20.204 info: Data already exists: 4
2024-05-06 15:11:30.203 info: Data already exists: 4
2024-05-06 15:11:30.209 info: Generated and added new data: 7
2024-05-06 15:11:40.205 info: Data already exists: 4
2024-05-06 15:11:40.207 info: Data already exists: 7
2024-05-06 15:11:50.199 info: Data already exists: 4
2024-05-06 15:11:50.200 info: Data already exists: 7
2024-05-06 15:11:50.202 info: Generated and added new data: 8
2024-05-06 15:14:03.239 info: Connected to database
2024-05-06 15:14:03.241 info: Server is running on port 8000
2024-05-06 15:14:33.215 info: Generated and added new data: 7
2024-05-06 15:14:43.205 info: Data already exists: 7
2024-05-06 15:14:53.184 info: Data already exists: 7
2024-05-06 15:14:53.186 info: Generated and added new data: 5
2024-05-06 15:15:03.211 info: Data already exists: 7
2024-05-06 15:15:03.212 info: Data already exists: 5
2024-05-06 15:15:13.188 info: Data already exists: 7
2024-05-06 15:15:13.191 info: Data already exists: 5
2024-05-06 15:15:23.189 info: Data already exists: 7
2024-05-06 15:15:23.190 info: Data already exists: 5
2024-05-06 15:15:23.196 info: Generated and added new data: 6
2024-05-06 15:15:33.197 info: Data already exists: 7
2024-05-06 15:15:33.198 info: Data already exists: 5
2024-05-06 15:15:33.198 info: Data already exists: 6
2024-05-06 15:15:43.202 info: Data already exists: 7
2024-05-06 15:15:43.203 info: Data already exists: 5
2024-05-06 15:15:43.203 info: Data already exists: 6
2024-05-06 15:15:43.205 info: Generated and added new data: 5
2024-05-06 15:15:53.192 info: Data already exists: 7
2024-05-06 15:15:53.193 info: Data already exists: 5
2024-05-06 15:15:53.194 info: Data already exists: 6
2024-05-06 15:15:53.196 info: Data already exists: 5
2024-05-06 15:16:03.187 info: Data already exists: 7
2024-05-06 15:16:03.188 info: Data already exists: 5
2024-05-06 15:16:03.189 info: Data already exists: 6
2024-05-06 15:16:03.190 info: Data already exists: 5
2024-05-06 15:16:13.203 info: Data already exists: 7
2024-05-06 15:16:13.203 info: Data already exists: 5
2024-05-06 15:16:13.204 info: Data already exists: 6
2024-05-06 15:16:13.204 info: Data already exists: 5
2024-05-06 15:16:13.206 info: Generated and added new data: 8
2024-05-06 15:16:36.401 info: Connected to database
2024-05-06 15:16:36.404 info: Server is running on port 8000
2024-05-06 15:16:46.471 info: Data already exists: 7
2024-05-06 15:16:46.472 info: Data already exists: 5
2024-05-06 15:16:46.472 info: Data already exists: 6
2024-05-06 15:16:46.473 info: Data already exists: 5
2024-05-06 15:16:46.473 info: Data already exists: 8
2024-05-06 15:16:56.361 info: Data already exists: 7
2024-05-06 15:16:56.361 info: Data already exists: 8
2024-05-06 15:17:06.358 info: Data already exists: 7
2024-05-06 15:17:06.359 info: Data already exists: 8
2024-05-06 15:17:06.364 info: Generated and added new data: 2
2024-05-06 15:25:45.868 info: Connected to database
2024-05-06 15:25:45.870 info: Server is running on port 8000
2024-05-06 15:25:55.944 info: Data already exists: 7
2024-05-06 15:25:55.945 info: Data already exists: 8
2024-05-06 15:25:55.945 info: Data already exists: 2
2024-05-06 15:26:05.816 info: Data already exists: 7
2024-05-06 15:26:05.817 info: Data already exists: 8
2024-05-06 15:26:05.818 info: Data already exists: 2
2024-05-06 15:26:15.830 info: Data already exists: 7
2024-05-06 15:26:15.831 info: Data already exists: 8
2024-05-06 15:26:15.832 info: Data already exists: 2
2024-05-06 15:26:15.836 info: Generated and added new data: 0
2024-05-06 15:27:55.967 info: Connected to database
2024-05-06 15:27:55.970 info: Server is running on port 8000
2024-05-06 15:28:06.061 info: Data already exists: 7
2024-05-06 15:28:06.061 info: Data already exists: 8
2024-05-06 15:28:06.062 info: Data already exists: 2
2024-05-06 15:28:06.062 info: Data already exists: 0
2024-05-06 15:28:06.062 info: Data already exists: 5
2024-05-06 15:28:06.063 info: Data already exists: 6
2024-05-06 15:28:06.063 info: Data already exists: 5
2024-05-06 15:52:00.657 info: Connected to database
2024-05-06 15:52:00.660 info: Server is running on port 8000
2024-05-06 15:52:41.913 info: Connected to database
2024-05-06 15:52:41.916 info: Server is running on port 8000
2024-05-06 15:53:45.667 info: Connected to database
2024-05-06 15:53:45.668 info: Server is running on port 8000
2024-05-06 15:54:43.726 info: Connected to database
2024-05-06 15:54:43.729 info: Server is running on port 8000
2024-05-06 15:56:23.826 info: Connected to database
2024-05-06 15:56:23.827 info: Server is running on port 8000
2024-05-06 15:58:14.391 info: Connected to database
2024-05-06 15:58:14.393 info: Server is running on port 8000
2024-05-06 15:58:47.530 info: Connected to database
2024-05-06 15:58:47.533 info: Server is running on port 8000
2024-05-06 16:14:53.900 info: Connected to database
2024-05-06 16:14:53.901 info: Server is running on port 8000
2024-05-06 16:20:19.681 info: Connected to database
2024-05-06 16:20:19.684 info: Server is running on port 8000
2024-05-06 16:21:39.711 info: Data already exists: 7
2024-05-06 16:21:39.712 info: Data already exists: 8
2024-05-06 16:21:39.712 info: Data already exists: 2
2024-05-06 16:21:39.713 info: Data already exists: 0
2024-05-06 16:21:39.713 info: Data already exists: 5
2024-05-06 16:21:39.713 info: Data already exists: 6
2024-05-06 16:21:39.714 info: Data already exists: 5
2024-05-06 16:23:09.712 info: Data already exists: 7
2024-05-06 16:23:09.713 info: Data already exists: 8
2024-05-06 16:23:09.713 info: Data already exists: 2
2024-05-06 16:23:09.714 info: Data already exists: 0
2024-05-06 16:23:09.714 info: Data already exists: 5
2024-05-06 16:23:09.714 info: Data already exists: 6
2024-05-06 16:23:09.715 info: Data already exists: 5
2024-05-06 16:23:22.161 info: Connected to database
2024-05-06 16:23:22.162 info: Server is running on port 8000
2024-05-06 16:23:32.289 info: Data already exists: 7
2024-05-06 16:23:32.290 info: Data already exists: 8
2024-05-06 16:23:32.290 info: Data already exists: 2
2024-05-06 16:23:32.290 info: Data already exists: 0
2024-05-06 16:23:32.291 info: Data already exists: 5
2024-05-06 16:23:32.291 info: Data already exists: 6
2024-05-06 16:23:32.291 info: Data already exists: 5
2024-05-06 16:23:42.211 info: Data already exists: 7
2024-05-06 16:23:42.212 info: Data already exists: 8
2024-05-06 16:23:42.213 info: Data already exists: 2
2024-05-06 16:23:42.213 info: Data already exists: 0
2024-05-06 16:23:42.214 info: Data already exists: 5
2024-05-06 16:23:42.214 info: Data already exists: 6
2024-05-06 16:23:42.214 info: Data already exists: 5
2024-05-06 16:23:43.848 info: Connected to database
2024-05-06 16:23:43.849 info: Server is running on port 8000
2024-05-06 16:23:53.915 info: Data already exists: 7
2024-05-06 16:23:53.916 info: Data already exists: 8
2024-05-06 16:23:53.916 info: Data already exists: 2
2024-05-06 16:23:53.916 info: Data already exists: 0
2024-05-06 16:23:53.917 info: Data already exists: 5
2024-05-06 16:23:53.917 info: Data already exists: 6
2024-05-06 16:23:53.918 info: Data already exists: 5
2024-05-06 16:24:33.277 info: Connected to database
2024-05-06 16:24:33.280 info: Server is running on port 8000
2024-05-06 16:24:56.912 info: Connected to database
2024-05-06 16:24:56.915 info: Server is running on port 8000
2024-05-06 16:25:16.898 info: Connected to database
2024-05-06 16:25:16.899 info: Server is running on port 8000
2024-05-06 16:26:32.002 info: Connected to database
2024-05-06 16:26:32.005 info: Server is running on port 8000
2024-05-06 16:28:08.092 info: Connected to database
2024-05-06 16:28:08.095 info: Server is running on port 8000
2024-05-06 16:28:18.173 info: Data already exists: 7
2024-05-06 16:28:18.174 info: Data already exists: 8
2024-05-06 16:28:18.174 info: Data already exists: 2
2024-05-06 16:28:18.174 info: Data already exists: 0
2024-05-06 16:28:18.175 info: Data already exists: 5
2024-05-06 16:28:18.175 info: Data already exists: 6
2024-05-06 16:28:18.176 info: Data already exists: 5
2024-05-06 16:28:27.616 info: Connected to database
2024-05-06 16:28:27.617 info: Server is running on port 8000
2024-05-06 16:29:37.341 info: Connected to database
2024-05-06 16:29:37.343 info: Server is running on port 8000
2024-05-06 16:30:17.478 info: Connected to database
2024-05-06 16:30:17.480 info: Server is running on port 8000
2024-05-06 16:30:27.591 info: Data already exists: 7
2024-05-06 16:30:27.591 info: Data already exists: 8
2024-05-06 16:30:27.592 info: Data already exists: 2
2024-05-06 16:30:27.592 info: Data already exists: 0
2024-05-06 16:30:27.592 info: Data already exists: 5
2024-05-06 16:30:27.593 info: Data already exists: 6
2024-05-06 16:30:27.593 info: Data already exists: 5
2024-05-06 16:30:53.489 info: Connected to database
2024-05-06 16:30:53.492 info: Server is running on port 8000
2024-05-06 16:32:23.830 info: Connected to database
2024-05-06 16:32:23.833 info: Server is running on port 8000
2024-05-06 16:32:46.811 info: Connected to database
2024-05-06 16:32:46.814 info: Server is running on port 8000
2024-05-06 16:33:11.193 info: Connected to database
2024-05-06 16:33:11.196 info: Server is running on port 8000
2024-05-06 16:34:26.557 info: Connected to database
2024-05-06 16:34:26.560 info: Server is running on port 8000
2024-05-06 16:35:24.806 info: Connected to database
2024-05-06 16:35:24.809 info: Server is running on port 8000
2024-05-06 16:36:22.366 info: Connected to database
2024-05-06 16:36:22.369 info: Server is running on port 8000
2024-05-06 16:36:47.563 info: Connected to database
2024-05-06 16:36:47.564 info: Server is running on port 8000
2024-05-06 16:38:18.061 info: Connected to database
2024-05-06 16:38:18.064 info: Server is running on port 8000
2024-05-06 16:38:28.134 info: Data already exists: 7
2024-05-06 16:38:28.135 info: Data already exists: 8
2024-05-06 16:38:28.135 info: Data already exists: 2
2024-05-06 16:38:28.135 info: Data already exists: 0
2024-05-06 16:38:28.135 info: Data already exists: 5
2024-05-06 16:38:28.136 info: Data already exists: 6
2024-05-06 16:38:28.136 info: Data already exists: 5
2024-05-06 16:38:38.028 info: Data already exists: 7
2024-05-06 16:38:38.029 info: Data already exists: 8
2024-05-06 16:38:38.029 info: Data already exists: 2
2024-05-06 16:38:38.030 info: Data already exists: 0
2024-05-06 16:38:38.030 info: Data already exists: 5
2024-05-06 16:38:38.030 info: Data already exists: 6
2024-05-06 16:38:38.030 info: Data already exists: 5
2024-05-06 16:42:50.234 info: Connected to database
2024-05-06 16:42:50.237 info: Server is running on port 8000
2024-05-06 16:46:03.405 info: Connected to database
2024-05-06 16:46:03.408 info: Server is running on port 8000
2024-05-06 16:46:21.533 info: Connected to database
2024-05-06 16:46:21.536 info: Server is running on port 8000
2024-05-06 16:46:43.385 info: Connected to database
2024-05-06 16:46:43.388 info: Server is running on port 8000
2024-05-06 16:48:22.422 info: Connected to database
2024-05-06 16:48:22.423 info: Server is running on port 8000
2024-05-06 16:53:07.012 info: Connected to database
2024-05-06 16:53:07.015 info: Server is running on port 8000
2024-05-06 17:03:46.790 info: Connected to database
2024-05-06 17:03:46.793 info: Server is running on port 8000
