2024-05-04 21:06:39.096 info: Connected to database
2024-05-04 21:06:39.100 info: Server is running on port 8000
2024-05-06 10:41:05.076 info: Connected to database
2024-05-06 10:41:05.083 info: Server is running on port 8000
2024-05-06 10:41:14.703 info: Generated and added new data: 0
2024-05-06 10:41:24.691 info: Generated and added new data: 0
2024-05-06 10:41:34.708 info: Generated and added new data: 0
2024-05-06 10:41:44.697 info: Generated and added new data: 0
2024-05-06 10:41:54.701 info: Generated and added new data: 0
2024-05-06 10:42:04.706 info: Generated and added new data: 0
2024-05-06 10:42:14.696 info: Generated and added new data: 0
2024-05-06 10:42:29.377 info: Connected to database
2024-05-06 10:42:29.382 info: Server is running on port 8000
2024-05-06 10:42:30.377 info: Generated and added new data: 0
2024-05-06 10:42:31.374 info: Generated and added new data: 1
2024-05-06 10:42:32.373 info: Generated and added new data: 1
2024-05-06 10:42:33.375 info: Generated and added new data: 1
2024-05-06 10:42:34.376 info: Generated and added new data: 0
2024-05-06 10:42:35.377 info: Generated and added new data: 1
2024-05-06 10:46:16.320 info: Connected to database
2024-05-06 10:46:16.326 info: Server is running on port 8000
2024-05-06 10:46:17.290 info: Generated and added new data: 8
2024-05-06 10:46:18.277 info: Generated and added new data: 1
2024-05-06 10:46:19.271 info: Generated and added new data: 0
2024-05-06 10:46:20.274 info: Generated and added new data: 5
2024-05-06 10:46:21.276 info: Generated and added new data: 2
2024-05-06 10:46:22.275 info: Generated and added new data: 7
2024-05-06 10:46:23.278 info: Generated and added new data: 3
2024-05-06 10:46:24.278 info: Generated and added new data: 3
2024-05-06 10:46:25.279 info: Generated and added new data: 5
2024-05-06 10:46:26.279 info: Generated and added new data: 7
2024-05-06 10:46:27.281 info: Generated and added new data: 0
2024-05-06 11:58:36.388 info: Connected to database
2024-05-06 11:58:36.394 info: Server is running on port 8000
2024-05-06 11:58:37.337 info: Generated and added new data: 9
2024-05-06 11:58:38.321 info: Generated and added new data: 2
2024-05-06 11:58:39.321 info: Generated and added new data: 4
2024-05-06 11:58:40.321 info: Generated and added new data: 3
2024-05-06 11:58:41.323 info: Generated and added new data: 0
2024-05-06 12:25:29.180 info: Connected to database
2024-05-06 12:25:29.185 info: Server is running on port 8000
2024-05-06 12:25:30.140 info: Generated and added new data: 8
2024-05-06 12:25:31.119 info: Generated and added new data: 8
2024-05-06 12:25:32.118 info: Generated and added new data: 0
2024-05-06 12:25:33.124 info: Generated and added new data: 1
2024-05-06 12:25:34.122 info: Generated and added new data: 2
2024-05-06 12:25:35.123 info: Generated and added new data: 8
2024-05-06 12:25:36.125 info: Generated and added new data: 0
2024-05-06 12:25:37.127 info: Generated and added new data: 4
2024-05-06 12:25:38.131 info: Generated and added new data: 5
2024-05-06 12:34:15.029 info: Connected to database
2024-05-06 12:34:15.035 info: Server is running on port 8000
2024-05-06 12:34:15.997 info: Generated and added new data: 8
2024-05-06 12:34:16.964 info: Generated and added new data: 8
2024-05-06 12:34:17.967 info: Generated and added new data: 4
2024-05-06 12:34:18.967 info: Generated and added new data: 0
2024-05-06 12:34:19.966 info: Generated and added new data: 1
2024-05-06 12:34:20.966 info: Generated and added new data: 4
2024-05-06 12:34:21.968 info: Generated and added new data: 5
2024-05-06 12:34:52.239 info: Connected to database
2024-05-06 12:34:52.241 info: Server is running on port 8002
2024-05-06 12:34:53.209 info: Generated and added new data: 2
2024-05-06 12:34:54.178 info: Generated and added new data: 0
2024-05-06 12:34:55.179 info: Generated and added new data: 6
2024-05-06 12:34:56.180 info: Generated and added new data: 0
2024-05-06 12:34:57.183 info: Generated and added new data: 9
2024-05-06 12:34:58.184 info: Generated and added new data: 0
2024-05-06 12:34:59.184 info: Generated and added new data: 4
2024-05-06 12:35:00.187 info: Generated and added new data: 1
2024-05-06 12:35:01.190 info: Generated and added new data: 1
2024-05-06 12:35:02.189 info: Generated and added new data: 0
2024-05-06 12:42:49.550 info: Connected to database
2024-05-06 12:42:49.552 info: Server is running on port 8002
2024-05-06 12:42:50.518 info: Generated and added new data: 9
2024-05-06 12:42:51.491 info: Generated and added new data: 0
2024-05-06 12:42:52.489 info: Generated and added new data: 7
2024-05-06 12:42:53.491 info: Generated and added new data: 2
2024-05-06 12:42:54.493 info: Generated and added new data: 2
2024-05-06 12:42:55.491 info: Generated and added new data: 1
2024-05-06 12:42:56.494 info: Generated and added new data: 8
2024-05-06 12:42:57.493 info: Generated and added new data: 6
2024-05-06 12:42:58.495 info: Generated and added new data: 9
2024-05-06 12:44:44.749 info: Connected to database
2024-05-06 12:44:44.753 info: Server is running on port 8002
2024-05-06 12:44:45.710 info: Generated and added new data: 5
2024-05-06 12:44:46.682 info: Generated and added new data: 9
2024-05-06 12:44:47.681 info: Generated and added new data: 2
2024-05-06 12:44:48.685 info: Generated and added new data: 0
2024-05-06 12:44:49.687 info: Generated and added new data: 3
2024-05-06 12:44:50.688 info: Generated and added new data: 5
2024-05-06 12:44:51.691 info: Generated and added new data: 8
2024-05-06 12:44:52.687 info: Generated and added new data: 0
2024-05-06 12:44:53.694 info: Generated and added new data: 6
2024-05-06 12:44:54.691 info: Generated and added new data: 7
2024-05-06 12:44:55.693 info: Generated and added new data: 5
2024-05-06 12:44:56.693 info: Generated and added new data: 6
2024-05-06 12:44:57.691 info: Generated and added new data: 9
2024-05-06 12:44:58.692 info: Generated and added new data: 6
2024-05-06 12:44:59.696 info: Generated and added new data: 8
2024-05-06 12:45:00.694 info: Generated and added new data: 5
2024-05-06 12:49:39.704 info: Connected to database
2024-05-06 12:49:39.706 info: Server is running on port 8002
2024-05-06 12:49:44.670 info: Generated and added new data: 3
2024-05-06 12:49:49.639 info: Generated and added new data: 8
2024-05-06 12:49:54.640 info: Generated and added new data: 3
2024-05-06 12:51:16.409 info: Connected to database
2024-05-06 12:51:16.411 info: Server is running on port 8002
2024-05-06 12:51:21.376 info: Generated and added new data: 0
2024-05-06 12:51:26.348 info: Generated and added new data: 3
2024-05-06 12:54:47.683 info: Connected to database
2024-05-06 12:54:47.685 info: Server is running on port 8002
2024-05-06 12:54:52.649 info: Generated and added new data: 3
2024-05-06 12:54:57.618 info: Generated and added new data: 4
2024-05-06 12:57:38.188 info: Connected to database
2024-05-06 12:57:38.190 info: Server is running on port 8002
2024-05-06 12:57:43.148 info: Generated and added new data: 0
2024-05-06 12:57:48.123 info: Generated and added new data: 3
2024-05-06 12:59:14.670 info: Connected to database
2024-05-06 12:59:14.673 info: Server is running on port 8002
2024-05-06 12:59:19.630 info: Generated and added new data: 3
2024-05-06 13:01:35.444 info: Connected to database
2024-05-06 13:01:35.446 info: Server is running on port 8002
2024-05-06 13:01:40.403 info: Generated and added new data: 0
2024-05-06 13:01:45.380 info: Generated and added new data: 9
2024-05-06 13:01:50.377 info: Generated and added new data: 3
2024-05-06 13:01:55.377 info: Generated and added new data: 4
2024-05-06 13:02:00.379 info: Generated and added new data: 9
2024-05-06 13:02:05.384 info: Generated and added new data: 9
2024-05-06 13:02:10.383 info: Generated and added new data: 1
2024-05-06 13:02:15.382 info: Generated and added new data: 6
2024-05-06 13:02:20.386 info: Generated and added new data: 1
2024-05-06 13:02:25.386 info: Generated and added new data: 5
2024-05-06 13:02:30.386 info: Generated and added new data: 3
2024-05-06 13:02:35.384 info: Generated and added new data: 1
2024-05-06 13:02:40.394 info: Generated and added new data: 2
2024-05-06 13:02:45.386 info: Generated and added new data: 2
2024-05-06 13:02:50.388 info: Generated and added new data: 7
2024-05-06 13:02:55.388 info: Generated and added new data: 0
2024-05-06 13:03:00.390 info: Generated and added new data: 2
2024-05-06 13:03:05.390 info: Generated and added new data: 5
2024-05-06 13:03:10.389 info: Generated and added new data: 7
2024-05-06 13:03:15.393 info: Generated and added new data: 4
2024-05-06 13:03:20.393 info: Generated and added new data: 3
2024-05-06 13:04:11.190 info: Connected to database
2024-05-06 13:04:11.196 info: Server is running on port 8002
2024-05-06 13:07:21.869 info: Connected to database
2024-05-06 13:07:21.871 info: Server is running on port 8002
2024-05-06 13:07:26.827 info: Generated and added new data: 9
2024-05-06 13:07:31.810 info: Generated and added new data: 1
2024-05-06 13:07:36.808 info: Generated and added new data: 6
2024-05-06 13:07:41.811 info: Generated and added new data: 0
2024-05-06 13:11:29.269 info: Connected to database
2024-05-06 13:11:29.271 info: Server is running on port 8002
2024-05-06 13:11:34.238 info: Generated and added new data: 9
2024-05-06 13:11:39.207 info: Generated and added new data: 3
2024-05-06 13:12:30.437 info: Connected to database
2024-05-06 13:12:30.439 info: Server is running on port 8002
2024-05-06 13:12:35.416 info: Generated and added new data: 5
2024-05-06 13:12:40.375 info: Generated and added new data: 0
2024-05-06 13:12:45.374 info: Generated and added new data: 4
2024-05-06 13:12:50.386 info: Generated and added new data: 2
2024-05-06 13:12:55.393 info: Generated and added new data: 8
2024-05-06 13:13:00.385 info: Generated and added new data: 9
2024-05-06 13:13:05.385 info: Generated and added new data: 5
2024-05-06 13:13:10.391 info: Generated and added new data: 1
2024-05-06 13:13:15.389 info: Generated and added new data: 0
2024-05-06 13:13:20.390 info: Generated and added new data: 3
2024-05-06 13:13:25.392 info: Generated and added new data: 2
2024-05-06 13:13:30.398 info: Generated and added new data: 1
2024-05-06 13:13:35.391 info: Generated and added new data: 6
2024-05-06 13:13:40.395 info: Generated and added new data: 6
2024-05-06 13:13:45.394 info: Generated and added new data: 1
2024-05-06 13:13:50.396 info: Generated and added new data: 8
2024-05-06 13:13:55.396 info: Generated and added new data: 1
2024-05-06 13:14:23.314 info: Connected to database
2024-05-06 13:14:23.317 info: Server is running on port 8002
2024-05-06 13:14:28.280 info: Generated and added new data: 7
2024-05-06 13:14:33.248 info: Generated and added new data: 0
2024-05-06 13:19:16.135 info: Connected to database
2024-05-06 13:19:16.139 info: Server is running on port 8002
2024-05-06 13:19:21.097 info: Generated and added new data: 7
2024-05-06 13:19:26.071 info: Generated and added new data: 2
2024-05-06 13:19:31.070 info: Generated and added new data: 6
2024-05-06 13:19:36.071 info: Generated and added new data: 9
2024-05-06 13:20:17.960 info: Connected to database
2024-05-06 13:20:17.966 info: Server is running on port 8002
2024-05-06 13:20:22.920 info: Generated and added new data: 4
2024-05-06 13:20:27.903 info: Generated and added new data: 9
2024-05-06 13:20:32.893 info: Generated and added new data: 6
2024-05-06 13:24:23.421 info: Connected to database
2024-05-06 13:24:23.427 info: Server is running on port 8002
2024-05-06 13:24:28.382 info: Generated and added new data: 8
2024-05-06 13:24:33.354 info: Generated and added new data: 5
2024-05-06 13:24:38.353 info: Generated and added new data: 4
2024-05-06 13:26:20.110 info: Connected to database
2024-05-06 13:26:20.113 info: Server is running on port 8002
2024-05-06 13:26:25.080 info: Generated and added new data: 1
2024-05-06 13:26:30.050 info: Generated and added new data: 4
2024-05-06 13:26:35.060 info: Generated and added new data: 7
2024-05-06 13:26:40.048 info: Generated and added new data: 7
2024-05-06 13:26:45.048 info: Generated and added new data: 6
2024-05-06 13:26:50.053 info: Generated and added new data: 6
2024-05-06 13:26:55.052 info: Generated and added new data: 0
2024-05-06 13:27:00.051 info: Generated and added new data: 7
2024-05-06 13:27:05.054 info: Generated and added new data: 5
2024-05-06 13:27:10.057 info: Generated and added new data: 2
2024-05-06 13:40:59.576 info: Connected to database
2024-05-06 13:40:59.581 info: Server is running on port 8002
2024-05-06 13:41:24.517 info: Generated and added new data: 2
2024-05-06 13:41:49.508 info: Generated and added new data: 4
2024-05-06 13:56:37.464 info: Connected to database
2024-05-06 13:56:37.466 info: Server is running on port 8002
2024-05-06 13:57:02.405 info: Generated and added new data: 1
2024-05-06 13:57:47.590 info: Connected to database
2024-05-06 13:57:47.596 info: Server is running on port 8002
2024-05-06 13:57:58.745 error: No data found in the database
2024-05-06 14:02:16.525 info: Connected to database
2024-05-06 14:02:16.531 info: Server is running on port 8002
2024-05-06 14:02:27.936 error: No data found in the database
2024-05-06 14:03:12.498 info: Connected to database
2024-05-06 14:03:12.500 info: Server is running on port 8002
2024-05-06 14:03:37.472 info: Generated and added new data: 9
2024-05-06 14:04:02.439 info: Generated and added new data: 6
2024-05-06 14:04:27.442 info: Generated and added new data: 8
2024-05-06 14:04:52.441 info: Generated and added new data: 7
2024-05-06 14:05:17.441 info: Generated and added new data: 3
2024-05-06 14:05:42.440 info: Generated and added new data: 4
2024-05-06 14:06:07.443 info: Generated and added new data: 3
2024-05-06 14:06:32.701 info: Connected to database
2024-05-06 14:06:32.707 info: Server is running on port 8002
2024-05-06 14:06:44.518 error: No data found in the database
2024-05-06 14:06:44.518 error: Failed to pull replication data: No data found in the database
2024-05-06 14:06:54.431 error: No data found in the database
2024-05-06 14:06:54.431 error: Failed to pull replication data: No data found in the database
2024-05-06 14:06:57.639 info: Generated and added new data: 7
2024-05-06 14:07:22.633 info: Generated and added new data: 8
2024-05-06 14:07:47.637 info: Generated and added new data: 8
2024-05-06 14:08:12.636 info: Generated and added new data: 6
2024-05-06 14:33:32.158 info: Connected to database
2024-05-06 14:33:32.160 info: Server is running on port 8002
2024-05-06 14:33:57.106 info: Generated and added new data: 7
2024-05-06 14:34:22.094 info: Generated and added new data: 5
2024-05-06 14:39:04.585 info: Connected to database
2024-05-06 14:39:04.590 info: Server is running on port 8002
2024-05-06 14:39:29.527 info: Generated and added new data: 6
2024-05-06 14:43:48.901 info: Connected to database
2024-05-06 14:43:48.907 info: Server is running on port 8002
2024-05-06 14:44:13.865 info: Generated and added new data: 5
2024-05-06 14:44:38.825 info: Generated and added new data: 9
2024-05-06 14:47:42.892 info: Connected to database
2024-05-06 14:47:42.894 info: Server is running on port 8002
2024-05-06 14:48:07.836 info: Generated and added new data: 3
2024-05-06 14:48:32.829 info: Generated and added new data: 9
2024-05-06 14:48:57.833 info: Generated and added new data: 9
2024-05-06 14:49:22.832 info: Generated and added new data: 3
2024-05-06 14:50:24.465 info: Connected to database
2024-05-06 14:50:24.468 info: Server is running on port 8002
2024-05-06 14:50:49.418 info: Generated and added new data: 0
2024-05-06 14:51:14.409 info: Generated and added new data: 8
2024-05-06 14:51:39.406 info: Generated and added new data: 9
2024-05-06 14:52:04.403 info: Generated and added new data: 1
2024-05-06 14:52:29.407 info: Generated and added new data: 7
2024-05-06 14:52:54.408 info: Generated and added new data: 8
2024-05-06 14:53:19.410 info: Generated and added new data: 9
2024-05-06 14:55:22.985 info: Connected to database
2024-05-06 14:55:22.987 info: Server is running on port 8002
2024-05-06 14:55:47.925 info: Generated and added new data: 1
2024-05-06 14:58:21.629 info: Connected to database
2024-05-06 14:58:21.632 info: Server is running on port 8002
2024-05-06 14:58:55.805 info: Connected to database
2024-05-06 14:58:55.811 info: Server is running on port 8002
2024-05-06 15:00:55.960 info: Connected to database
2024-05-06 15:00:55.962 info: Server is running on port 8002
2024-05-06 15:08:27.742 info: Connected to database
2024-05-06 15:08:27.745 info: Server is running on port 8002
2024-05-06 15:08:39.300 error: No data found in the database
2024-05-06 15:08:39.300 error: Failed to pull replication data: No data found in the database
2024-05-06 15:08:49.272 error: No data found in the database
2024-05-06 15:08:49.272 error: Failed to pull replication data: No data found in the database
2024-05-06 15:08:52.125 error: Error generating model data: data is not defined
2024-05-06 15:09:53.611 info: Connected to database
2024-05-06 15:09:53.613 info: Server is running on port 8002
2024-05-06 15:10:18.559 info: Generated and added new data: 4
2024-05-06 15:10:35.166 info: Connected to database
2024-05-06 15:10:35.168 info: Server is running on port 8002
2024-05-06 15:10:57.345 info: Connected to database
2024-05-06 15:10:57.348 info: Server is running on port 8002
2024-05-06 15:11:22.250 info: Generated and added new data: 7
2024-05-06 15:11:47.233 info: Generated and added new data: 8
2024-05-06 15:14:00.460 info: Connected to database
2024-05-06 15:14:00.464 info: Server is running on port 8002
2024-05-06 15:14:13.261 error: No data found in the database
2024-05-06 15:14:13.262 error: Failed to pull replication data: No data found in the database
2024-05-06 15:14:23.181 error: No data found in the database
2024-05-06 15:14:23.182 error: Failed to pull replication data: No data found in the database
2024-05-06 15:14:25.357 info: Generated and added new data: 7
2024-05-06 15:14:50.344 info: Generated and added new data: 5
2024-05-06 15:15:15.346 info: Generated and added new data: 6
2024-05-06 15:15:40.349 info: Generated and added new data: 5
2024-05-06 15:16:05.347 info: Generated and added new data: 8
2024-05-06 15:16:37.549 info: Connected to database
2024-05-06 15:16:37.551 info: Server is running on port 8002
2024-05-06 15:17:02.453 info: Generated and added new data: 2
2024-05-06 15:25:47.646 info: Connected to database
2024-05-06 15:25:47.647 info: Server is running on port 8002
2024-05-06 15:26:12.551 info: Generated and added new data: 0
2024-05-06 15:27:57.286 info: Connected to database
2024-05-06 15:27:57.288 info: Server is running on port 8002
2024-05-06 15:28:06.040 info: Data already exists: 7
2024-05-06 15:28:06.043 info: Generated and added new data: 5
2024-05-06 15:28:06.044 info: Generated and added new data: 6
2024-05-06 15:28:06.045 info: Generated and added new data: 5
2024-05-06 15:28:06.045 info: Data already exists: 8
2024-05-06 15:28:06.046 info: Data already exists: 2
2024-05-06 15:28:06.046 info: Data already exists: 0
2024-05-06 15:28:06.046 info: Data successfully inserted into the database
2024-05-06 15:52:01.842 info: Connected to database
2024-05-06 15:52:44.530 info: Connected to database
2024-05-06 15:53:44.160 info: Connected to database
2024-05-06 15:54:45.903 info: Connected to database
2024-05-06 15:54:45.904 info: Server is running on port 8002
2024-05-06 15:54:45.929 error: Failed to connect to database: Failed to syncTime: 
2024-05-06 15:56:18.738 info: Connected to database
2024-05-06 15:56:18.741 info: Server is running on port 8002
2024-05-06 15:56:18.755 error: Failed to connect to database: Failed to syncTime: 
2024-05-06 15:56:25.315 info: Connected to database
2024-05-06 15:56:25.316 info: Server is running on port 8002
2024-05-06 15:56:25.336 error: Failed to connect to database: Failed to syncTime: 
2024-05-06 15:56:53.391 info: Connected to database
2024-05-06 15:56:53.394 info: Server is running on port 8002
2024-05-06 15:56:53.408 error: AggregateError
2024-05-06 15:58:09.075 info: Connected to database
2024-05-06 15:58:09.078 info: Server is running on port 8002
2024-05-06 15:58:09.091 error: AggregateError
2024-05-06 15:58:15.791 info: Connected to database
2024-05-06 15:58:15.792 info: Server is running on port 8002
2024-05-06 15:58:15.813 error: Request failed with status code 404
2024-05-06 15:58:48.636 info: Connected to database
2024-05-06 15:58:48.638 info: Server is running on port 8002
2024-05-06 15:58:48.663 error: this.diffTime is not a function
2024-05-06 15:59:11.515 info: Connected to database
2024-05-06 15:59:11.517 info: Server is running on port 8002
2024-05-06 15:59:11.532 error: Failed to calculate time difference
2024-05-06 15:59:39.786 info: Connected to database
2024-05-06 15:59:39.788 info: Server is running on port 8002
2024-05-06 15:59:39.807 error: Failed to calculate time difference
2024-05-06 16:00:12.537 info: Connected to database
2024-05-06 16:00:12.538 info: Server is running on port 8002
2024-05-06 16:00:12.554 error: Failed to calculate time difference
2024-05-06 16:01:10.623 info: Connected to database
2024-05-06 16:01:10.625 info: Server is running on port 8002
2024-05-06 16:01:10.640 error: Failed to calculate time difference
2024-05-06 16:02:18.686 info: Connected to database
2024-05-06 16:02:18.688 info: Server is running on port 8002
2024-05-06 16:02:18.705 error: Failed to calculate time difference
2024-05-06 16:03:03.320 info: Connected to database
2024-05-06 16:03:03.322 info: Server is running on port 8002
2024-05-06 16:03:03.338 error: Failed to calculate time difference
2024-05-06 16:06:15.494 info: Connected to database
2024-05-06 16:06:15.495 info: Server is running on port 8002
2024-05-06 16:06:15.512 error: Failed to calculate time difference
2024-05-06 16:09:29.919 info: Connected to database
2024-05-06 16:09:29.920 info: Server is running on port 8002
2024-05-06 16:09:29.934 error: Failed to calculate time difference
2024-05-06 16:14:14.847 info: Connected to database
2024-05-06 16:14:14.848 info: Server is running on port 8002
2024-05-06 16:14:14.874 error: Failed to calculate time difference
2024-05-06 16:14:55.584 info: Connected to database
2024-05-06 16:14:55.586 info: Server is running on port 8002
2024-05-06 16:14:55.605 error: Failed to calculate time difference
2024-05-06 16:20:07.473 info: Connected to database
2024-05-06 16:20:07.476 info: Server is running on port 8002
2024-05-06 16:20:07.489 error: AggregateError
2024-05-06 16:20:21.102 info: Connected to database
2024-05-06 16:20:21.104 info: Server is running on port 8002
2024-05-06 16:20:21.129 error: Failed to calculate time difference
2024-05-06 16:21:37.187 info: Connected to database
2024-05-06 16:21:37.188 info: Server is running on port 8002
2024-05-06 16:21:37.205 info: Временная коррекция для сервера http://localhost:8000 => NaN
2024-05-06 16:21:39.698 info: Data already exists: 7
2024-05-06 16:21:39.699 info: Data already exists: 5
2024-05-06 16:21:39.700 info: Data already exists: 6
2024-05-06 16:21:39.700 info: Data already exists: 5
2024-05-06 16:21:39.700 info: Data already exists: 8
2024-05-06 16:21:39.700 info: Data already exists: 2
2024-05-06 16:21:39.701 info: Data already exists: 0
2024-05-06 16:21:39.701 info: Data successfully inserted into the database
2024-05-06 16:22:04.430 info: Connected to database
2024-05-06 16:22:04.431 info: Server is running on port 8002
2024-05-06 16:22:04.446 info: Временная коррекция для сервера http://localhost:8000 => NaN
2024-05-06 16:22:41.336 info: Connected to database
2024-05-06 16:22:41.337 info: Server is running on port 8002
2024-05-06 16:22:41.351 error: Invalid server time format
2024-05-06 16:23:05.875 info: Connected to database
2024-05-06 16:23:05.877 info: Server is running on port 8002
2024-05-06 16:23:05.892 info: Временная коррекция для сервера http://localhost:8000 => NaN
2024-05-06 16:23:09.702 info: Data already exists: 7
2024-05-06 16:23:09.703 info: Data already exists: 5
2024-05-06 16:23:09.704 info: Data already exists: 6
2024-05-06 16:23:09.704 info: Data already exists: 5
2024-05-06 16:23:09.704 info: Data already exists: 8
2024-05-06 16:23:09.704 info: Data already exists: 2
2024-05-06 16:23:09.705 info: Data already exists: 0
2024-05-06 16:23:09.705 info: Data successfully inserted into the database
2024-05-06 16:23:23.917 info: Connected to database
2024-05-06 16:23:23.919 info: Server is running on port 8002
2024-05-06 16:23:23.937 info: Временная коррекция для сервера http://localhost:8000 => NaN
2024-05-06 16:23:32.277 info: Data already exists: 7
2024-05-06 16:23:32.277 info: Data already exists: 5
2024-05-06 16:23:32.278 info: Data already exists: 6
2024-05-06 16:23:32.278 info: Data already exists: 5
2024-05-06 16:23:32.278 info: Data already exists: 8
2024-05-06 16:23:32.278 info: Data already exists: 2
2024-05-06 16:23:32.279 info: Data already exists: 0
2024-05-06 16:23:32.279 info: Data successfully inserted into the database
2024-05-06 16:23:42.200 info: Data already exists: 7
2024-05-06 16:23:42.202 info: Data already exists: 5
2024-05-06 16:23:42.202 info: Data already exists: 6
2024-05-06 16:23:42.202 info: Data already exists: 5
2024-05-06 16:23:42.203 info: Data already exists: 8
2024-05-06 16:23:42.203 info: Data already exists: 2
2024-05-06 16:23:42.203 info: Data already exists: 0
2024-05-06 16:23:42.204 info: Data successfully inserted into the database
2024-05-06 16:23:46.541 info: Connected to database
2024-05-06 16:23:46.542 info: Server is running on port 8002
2024-05-06 16:23:46.560 info: Временная коррекция для сервера http://localhost:8000 => NaN
2024-05-06 16:23:53.133 info: Connected to database
2024-05-06 16:23:53.135 info: Server is running on port 8002
2024-05-06 16:23:53.149 info: Временная коррекция для сервера http://localhost:8000 => NaN
2024-05-06 16:23:53.898 info: Data already exists: 7
2024-05-06 16:23:53.898 info: Data already exists: 5
2024-05-06 16:23:53.899 info: Data already exists: 6
2024-05-06 16:23:53.899 info: Data already exists: 5
2024-05-06 16:23:53.900 info: Data already exists: 8
2024-05-06 16:23:53.900 info: Data already exists: 2
2024-05-06 16:23:53.901 info: Data already exists: 0
2024-05-06 16:23:53.901 info: Data successfully inserted into the database
2024-05-06 16:24:34.387 info: Connected to database
2024-05-06 16:24:34.388 info: Server is running on port 8002
2024-05-06 16:24:34.415 error: Failed to calculate time difference
2024-05-06 16:24:58.010 info: Connected to database
2024-05-06 16:24:58.011 info: Server is running on port 8002
2024-05-06 16:24:58.037 error: Failed to calculate time difference
2024-05-06 16:25:18.073 info: Connected to database
2024-05-06 16:25:18.074 info: Server is running on port 8002
2024-05-06 16:25:18.091 error: Failed to calculate time difference
2024-05-06 16:26:33.094 info: Connected to database
2024-05-06 16:26:33.095 info: Server is running on port 8002
2024-05-06 16:26:33.120 error: Failed to calculate time difference
2024-05-06 16:28:09.199 info: Connected to database
2024-05-06 16:28:09.201 info: Server is running on port 8002
2024-05-06 16:28:09.225 info: Временная коррекция для сервера http://localhost:8000 => NaN
2024-05-06 16:28:18.160 info: Data already exists: 7
2024-05-06 16:28:18.161 info: Data already exists: 5
2024-05-06 16:28:18.161 info: Data already exists: 6
2024-05-06 16:28:18.162 info: Data already exists: 5
2024-05-06 16:28:18.162 info: Data already exists: 8
2024-05-06 16:28:18.162 info: Data already exists: 2
2024-05-06 16:28:18.163 info: Data already exists: 0
2024-05-06 16:28:18.163 info: Data successfully inserted into the database
2024-05-06 16:28:29.177 info: Connected to database
2024-05-06 16:28:29.178 info: Server is running on port 8002
2024-05-06 16:28:29.196 info: Временная коррекция для сервера http://localhost:8000 => NaN
2024-05-06 16:29:38.461 info: Connected to database
2024-05-06 16:29:38.462 info: Server is running on port 8002
2024-05-06 16:29:38.490 info: Временная коррекция для сервера http://localhost:8000 => NaN
2024-05-06 16:30:18.904 info: Connected to database
2024-05-06 16:30:18.906 info: Server is running on port 8002
2024-05-06 16:30:18.923 info: Временная коррекция для сервера http://localhost:8000 => NaN
2024-05-06 16:30:27.578 info: Data already exists: 7
2024-05-06 16:30:27.579 info: Data already exists: 5
2024-05-06 16:30:27.579 info: Data already exists: 6
2024-05-06 16:30:27.580 info: Data already exists: 5
2024-05-06 16:30:27.580 info: Data already exists: 8
2024-05-06 16:30:27.580 info: Data already exists: 2
2024-05-06 16:30:27.581 info: Data already exists: 0
2024-05-06 16:30:27.581 info: Data successfully inserted into the database
2024-05-06 16:30:56.263 info: Connected to database
2024-05-06 16:30:56.265 info: Server is running on port 8002
2024-05-06 16:30:56.292 info: Временная коррекция для сервера http://localhost:8000 => NaN
2024-05-06 16:32:25.705 info: Connected to database
2024-05-06 16:32:25.707 info: Server is running on port 8002
2024-05-06 16:32:25.730 info: Временная коррекция для сервера http://localhost:8000 => NaN
2024-05-06 16:32:48.106 info: Connected to database
2024-05-06 16:32:48.108 info: Server is running on port 8002
2024-05-06 16:32:48.133 info: Временная коррекция для сервера http://localhost:8000 => NaN
2024-05-06 16:33:12.330 info: Connected to database
2024-05-06 16:33:12.331 info: Server is running on port 8002
2024-05-06 16:33:12.359 info: Временная коррекция для сервера http://localhost:8000 => NaN
2024-05-06 16:34:27.732 info: Connected to database
2024-05-06 16:34:27.733 info: Server is running on port 8002
2024-05-06 16:34:27.758 info: Временная коррекция для сервера http://localhost:8000 => NaN
2024-05-06 16:35:25.920 info: Connected to database
2024-05-06 16:35:25.921 info: Server is running on port 8002
2024-05-06 16:35:25.949 info: Временная коррекция для сервера http://localhost:8000 => NaN
2024-05-06 16:36:23.949 info: Connected to database
2024-05-06 16:36:23.951 info: Server is running on port 8002
2024-05-06 16:36:23.976 info: Временная коррекция для сервера http://localhost:8000 => NaN
2024-05-06 16:36:49.176 info: Connected to database
2024-05-06 16:36:49.178 info: Server is running on port 8002
2024-05-06 16:36:49.196 error: Failed to calculate time difference
2024-05-06 16:38:19.403 info: Connected to database
2024-05-06 16:38:19.405 info: Server is running on port 8002
2024-05-06 16:38:19.431 info: Временная коррекция для сервера http://localhost:8000 => NaN
2024-05-06 16:38:28.120 info: Data already exists: 7
2024-05-06 16:38:28.121 info: Data already exists: 5
2024-05-06 16:38:28.121 info: Data already exists: 6
2024-05-06 16:38:28.122 info: Data already exists: 5
2024-05-06 16:38:28.122 info: Data already exists: 8
2024-05-06 16:38:28.122 info: Data already exists: 2
2024-05-06 16:38:28.123 info: Data already exists: 0
2024-05-06 16:38:28.123 info: Data successfully inserted into the database
2024-05-06 16:38:38.004 info: Data already exists: 7
2024-05-06 16:38:38.006 info: Data already exists: 5
2024-05-06 16:38:38.006 info: Data already exists: 6
2024-05-06 16:38:38.007 info: Data already exists: 5
2024-05-06 16:38:38.007 info: Data already exists: 8
2024-05-06 16:38:38.008 info: Data already exists: 2
2024-05-06 16:38:38.008 info: Data already exists: 0
2024-05-06 16:38:38.008 info: Data successfully inserted into the database
2024-05-06 16:42:51.249 info: Connected to database
2024-05-06 16:42:51.250 info: Server is running on port 8002
2024-05-06 16:42:51.277 info: Временная коррекция для сервера http://localhost:8000 => NaN
2024-05-06 16:46:04.666 info: Connected to database
2024-05-06 16:46:04.668 info: Server is running on port 8002
2024-05-06 16:46:04.699 info: Временная коррекция для сервера http://localhost:8000 => NaN
2024-05-06 16:46:22.780 info: Connected to database
2024-05-06 16:46:22.782 info: Server is running on port 8002
2024-05-06 16:46:22.805 info: Временная коррекция для сервера http://localhost:8000 => NaN
2024-05-06 16:46:44.511 info: Connected to database
2024-05-06 16:46:44.513 info: Server is running on port 8002
2024-05-06 16:46:44.541 info: Временная коррекция для сервера http://localhost:8000 => NaN
2024-05-06 16:48:24.605 info: Connected to database
2024-05-06 16:48:24.606 info: Server is running on port 8002
2024-05-06 16:48:24.623 info: Временная коррекция для сервера http://localhost:8000 => NaN
2024-05-06 16:53:08.409 info: Connected to database
2024-05-06 16:53:08.411 info: Server is running on port 8002
2024-05-06 16:53:08.436 info: Временная коррекция для сервера http://localhost:8000 => NaN
2024-05-06 17:03:48.182 info: Connected to database
2024-05-06 17:03:48.183 info: Server is running on port 8002
2024-05-06 17:03:48.207 info: Временная коррекция для сервера http://localhost:8000 => NaN
